<?xml version="1.0" encoding="utf-8"?><testsuites name="pytest tests"><testsuite name="pytest" errors="0" failures="0" skipped="1" tests="1243" time="1420.842" timestamp="2026-09-04T00:27:53.940724+01:00" hostname="MacBookPro.mynet"><testcase classname="caos.tests.spec.test_audit_chain_spec" name="test_governed_writes_extend_a_contiguous_per_case_hash_chain" time="0.044" /><testcase classname="caos.tests.spec.test_audit_chain_spec" name="test_events_without_a_case_ride_the_global_chain" time="0.024" /><testcase classname="caos.tests.spec.test_audit_chain_spec" name="test_audit_rows_refuse_update_and_delete_at_the_database_boundary" time="0.027" /><testcase classname="caos.tests.spec.test_audit_chain_spec" name="test_tampering_under_disarmed_triggers_is_detected[mutate]" time="0.030" /><testcase classname="caos.tests.spec.test_audit_chain_spec" name="test_tampering_under_disarmed_triggers_is_detected[delete]" time="0.028" /><testcase classname="caos.tests.spec.test_audit_chain_spec" name="test_tampering_under_disarmed_triggers_is_detected[insert]" time="0.027" /><testcase classname="caos.tests.spec.test_audit_chain_spec" name="test_tampering_under_disarmed_triggers_is_detected[reorder]" time="0.028" /><testcase classname="caos.tests.spec.test_audit_chain_spec" name="test_tampering_under_disarmed_triggers_is_detected[head]" time="0.031" /><testcase classname="caos.tests.spec.test_audit_chain_spec" name="test_legacy_unchained_rows_are_backfilled_once_and_idempotently" time="0.026" /><testcase classname="caos.tests.spec.test_audit_chain_spec" name="test_concurrent_governed_writes_never_fork_the_chain" time="0.085" /><testcase classname="caos.tests.spec.test_audit_chain_spec" name="test_a_failed_governed_write_leaves_no_chain_gap" time="0.027" /><testcase classname="caos.tests.spec.test_audit_package_spec" name="test_package_is_case_authorized_audited_and_offline_verifiable_in_a_clean_directory" time="2.011" /><testcase classname="caos.tests.spec.test_audit_package_spec" name="test_offline_verifier_convicts_every_tamper_class[export_bytes]" time="1.736" /><testcase classname="caos.tests.spec.test_audit_package_spec" name="test_offline_verifier_convicts_every_tamper_class[audit_reorder]" time="1.706" /><testcase classname="caos.tests.spec.test_audit_package_spec" name="test_offline_verifier_convicts_every_tamper_class[audit_mutate]" time="1.726" /><testcase classname="caos.tests.spec.test_audit_package_spec" name="test_offline_verifier_convicts_every_tamper_class[receipt_approver]" time="1.790" /><testcase classname="caos.tests.spec.test_audit_package_spec" name="test_offline_verifier_convicts_every_tamper_class[frozen_payload]" time="1.658" /><testcase classname="caos.tests.spec.test_audit_package_spec" name="test_offline_verifier_convicts_every_tamper_class[manifest_gap]" time="1.678" /><testcase classname="caos.tests.spec.test_audit_package_spec" name="test_package_holds_no_source_text_vault_path_secret_or_provider_body" time="1.637" /><testcase classname="caos.tests.spec.test_audit_package_spec" name="test_verifier_renderer_copy_is_byte_identical_to_the_application_renderer" time="0.000" /><testcase classname="caos.tests.spec.test_audit_package_spec" name="test_verifier_reports_an_unreadable_package_without_a_traceback" time="0.054" /><testcase classname="caos.tests.spec.test_budget_spec" name="test_manifest_caps_literal" time="0.000" /><testcase classname="caos.tests.spec.test_budget_spec" name="test_finalization_allowance_and_provider_constants" time="0.000" /><testcase classname="caos.tests.spec.test_budget_spec" name="test_registry_output_caps_literal" time="0.000" /><testcase classname="caos.tests.spec.test_budget_spec" name="test_route_envelopes_scale_per_module_and_reproduce_legacy_at_n6" time="0.000" /><testcase classname="caos.tests.spec.test_budget_spec" name="test_runtime_budget_enumeration_uses_the_effective_depth" time="0.000" /><testcase classname="caos.tests.spec.test_budget_spec" name="test_no_provider_call_without_a_successful_reservation" time="0.708" /><testcase classname="caos.tests.spec.test_budget_spec" name="test_unresolved_inflight_reservation_fails_closed_on_resume_without_respend" time="0.146" /><testcase classname="caos.tests.spec.test_budget_spec" name="test_timeout_retry_must_be_byte_identical_and_single" time="0.044" /><testcase classname="caos.tests.spec.test_budget_spec" name="test_count_tokens_never_charges_a_turn" time="0.000" /><testcase classname="caos.tests.spec.test_budget_spec" name="test_each_ceiling_refuses_the_next_operation_before_overspend[turns]" time="0.000" /><testcase classname="caos.tests.spec.test_budget_spec" name="test_each_ceiling_refuses_the_next_operation_before_overspend[evidence_reads]" time="0.000" /><testcase classname="caos.tests.spec.test_budget_spec" name="test_each_ceiling_refuses_the_next_operation_before_overspend[evidence_bytes]" time="0.000" /><testcase classname="caos.tests.spec.test_budget_spec" name="test_each_ceiling_refuses_the_next_operation_before_overspend[input_tokens]" time="0.000" /><testcase classname="caos.tests.spec.test_budget_spec" name="test_each_ceiling_refuses_the_next_operation_before_overspend[output_tokens]" time="0.000" /><testcase classname="caos.tests.spec.test_budget_spec" name="test_each_ceiling_refuses_the_next_operation_before_overspend[active_minutes]" time="0.000" /><testcase classname="caos.tests.spec.test_budget_spec" name="test_manifest_bounding_fails_closed_before_provider_contact" time="0.021" /><testcase classname="caos.tests.spec.test_budget_spec" name="test_manifest_exact_boundaries_are_allowed_inclusive" time="0.001" /><testcase classname="caos.tests.spec.test_budget_spec" name="test_locator_bounding_rejects_structural_bombs_and_nonfinite_floats" time="0.000" /><testcase classname="caos.tests.spec.test_budget_spec" name="test_malformed_or_zero_usage_is_output_invalid_with_reservation_unresolved[None]" time="0.000" /><testcase classname="caos.tests.spec.test_budget_spec" name="test_malformed_or_zero_usage_is_output_invalid_with_reservation_unresolved[usage1]" time="0.000" /><testcase classname="caos.tests.spec.test_budget_spec" name="test_malformed_or_zero_usage_is_output_invalid_with_reservation_unresolved[usage2]" time="0.000" /><testcase classname="caos.tests.spec.test_budget_spec" name="test_malformed_or_zero_usage_is_output_invalid_with_reservation_unresolved[usage3]" time="0.000" /><testcase classname="caos.tests.spec.test_budget_spec" name="test_gate_wait_accrues_zero_active_time_while_compute_is_charged" time="0.061" /><testcase classname="caos.tests.spec.test_budget_spec" name="test_max_tokens_truncation_fails_module_immediately_without_consuming_repair" time="0.145" /><testcase classname="caos.tests.spec.test_budget_spec" name="test_provider_concurrency_denial_is_typed_and_reserves_nothing" time="0.000" /><testcase classname="caos.tests.spec.test_budget_spec" name="test_attempt_recorder_allowlist_truncation_and_asymmetric_caps" time="0.000" /><testcase classname="caos.tests.spec.test_budget_spec" name="test_store_attempt_recorder_uses_the_same_route_sized_cap" time="0.187" /><testcase classname="caos.tests.spec.test_budget_spec" name="test_attempt_cap_covers_every_compiled_route" time="0.014" /><testcase classname="caos.tests.spec.test_budget_spec" name="test_secret_bearing_provider_failure_never_persists_secret_or_evidence_text" time="0.147" /><testcase classname="caos.tests.spec.test_budget_spec" name="test_reconcile_commits_the_actual_usage_before_it_refuses_the_overage" time="0.014" /><testcase classname="caos.tests.spec.test_budget_spec" name="test_actual_usage_overage_still_records_the_returned_response" time="0.151" /><testcase classname="caos.tests.spec.test_deliverables_spec" name="test_template_registry_serves_six_pathways_with_stable_identity_and_evidence_register" time="0.021" /><testcase classname="caos.tests.spec.test_deliverables_spec" name="test_template_owns_optional_block_kind_stem_cap_order_and_model_dependence" time="0.021" /><testcase classname="caos.tests.spec.test_deliverables_spec" name="test_saved_revision_digest_is_digest_of_content_and_order_violation_appends_nothing" time="0.151" /><testcase classname="caos.tests.spec.test_deliverables_spec" name="test_full_credit_draft_composes_one_governed_decision_document" time="0.040" /><testcase classname="caos.tests.spec.test_deliverables_spec" name="test_document_recipe_matches_approved_structure[FULL_CREDIT]" time="0.037" /><testcase classname="caos.tests.spec.test_deliverables_spec" name="test_document_recipe_matches_approved_structure[EARNINGS_UPDATE]" time="0.039" /><testcase classname="caos.tests.spec.test_deliverables_spec" name="test_document_recipe_matches_approved_structure[COVENANT_REFINANCING]" time="0.053" /><testcase classname="caos.tests.spec.test_deliverables_spec" name="test_document_recipe_matches_approved_structure[RELATIVE_VALUE]" time="0.056" /><testcase classname="caos.tests.spec.test_deliverables_spec" name="test_document_recipe_matches_approved_structure[DISTRESSED_RESTRUCTURING]" time="0.043" /><testcase classname="caos.tests.spec.test_deliverables_spec" name="test_document_recipe_matches_approved_structure[DEEP_RESEARCH]" time="0.042" /><testcase classname="caos.tests.spec.test_deliverables_spec" name="test_optional_generated_blocks_become_locked_document_appendices" time="0.083" /><testcase classname="caos.tests.spec.test_deliverables_spec" name="test_annual_model_generated_table_uses_only_selected_server_outputs" time="1.682" /><testcase classname="caos.tests.spec.test_deliverables_spec" name="test_pathway_calculation_rows_paginate_without_hiding_late_outputs" time="0.027" /><testcase classname="caos.tests.spec.test_deliverables_spec" name="test_optional_block_cannot_collide_with_a_canonical_document_section" time="0.032" /><testcase classname="caos.tests.spec.test_deliverables_spec" name="test_model_optional_pathways_compose_without_model_authority[RELATIVE_VALUE]" time="0.031" /><testcase classname="caos.tests.spec.test_deliverables_spec" name="test_model_optional_pathways_compose_without_model_authority[DEEP_RESEARCH]" time="0.032" /><testcase classname="caos.tests.spec.test_deliverables_spec" name="test_no_model_relative_value_freeze_pins_accepted_run_methodology" time="1.937" /><testcase classname="caos.tests.spec.test_deliverables_spec" name="test_draft_request_rejects_client_supplied_document_sections" time="0.084" /><testcase classname="caos.tests.spec.test_deliverables_spec" name="test_freeze_recomposes_and_rejects_document_authority_drift" time="1.563" /><testcase classname="caos.tests.spec.test_deliverables_spec" name="test_composition_verifies_accepted_artifact_bytes_before_saving" time="0.985" /><testcase classname="caos.tests.spec.test_deliverables_spec" name="test_stale_expected_version_is_atomic_cas_conflict_carrying_current_head" time="0.050" /><testcase classname="caos.tests.spec.test_deliverables_spec" name="test_restore_appends_new_revision_and_history_stays_byte_identical" time="0.046" /><testcase classname="caos.tests.spec.test_deliverables_spec" name="test_stored_revisions_are_isolated_from_later_caller_mutation" time="0.036" /><testcase classname="caos.tests.spec.test_deliverables_spec" name="test_http_stale_draft_put_returns_409_with_current_revision_and_by_id_read_round_trips" time="0.174" /><testcase classname="caos.tests.spec.test_deliverables_spec" name="test_freeze_round_trips_on_nothing_but_what_the_draft_wire_serves" time="1.634" /><testcase classname="caos.tests.spec.test_deliverables_spec" name="test_strict_schema_rejects_client_supplied_generated_values" time="0.087" /><testcase classname="caos.tests.spec.test_deliverables_spec" name="test_client_invented_optional_kind_or_slot_is_rejected[heading_in_optional_slot]" time="0.033" /><testcase classname="caos.tests.spec.test_deliverables_spec" name="test_client_invented_optional_kind_or_slot_is_rejected[narrative_in_optional_slot]" time="0.086" /><testcase classname="caos.tests.spec.test_deliverables_spec" name="test_client_invented_optional_kind_or_slot_is_rejected[invented_slot_id]" time="0.027" /><testcase classname="caos.tests.spec.test_deliverables_spec" name="test_optional_blocks_out_of_template_declared_order_are_rejected" time="0.024" /><testcase classname="caos.tests.spec.test_deliverables_spec" name="test_declared_limitations_slot_saves_without_model_identity_on_optional_pathway" time="0.033" /><testcase classname="caos.tests.spec.test_deliverables_spec" name="test_model_required_templates_reject_required_blocks_without_a_selected_model[FULL_CREDIT]" time="0.028" /><testcase classname="caos.tests.spec.test_deliverables_spec" name="test_model_required_templates_reject_required_blocks_without_a_selected_model[DISTRESSED_RESTRUCTURING]" time="0.027" /><testcase classname="caos.tests.spec.test_deliverables_spec" name="test_citations_resolve_same_case_existing_non_withdrawn_blocks" time="0.036" /><testcase classname="caos.tests.spec.test_deliverables_spec" name="test_model_selection_pins_current_revision_and_fallback_requires_acknowledged_no_revision_state" time="0.041" /><testcase classname="caos.tests.spec.test_deliverables_spec" name="test_selection_must_resolve_to_exact_stored_revision_and_build_records" time="0.033" /><testcase classname="caos.tests.spec.test_deliverables_spec" name="test_model_dependent_block_kinds_require_selection_and_are_digest_pinned[GENERATED_METRIC]" time="0.036" /><testcase classname="caos.tests.spec.test_deliverables_spec" name="test_model_dependent_block_kinds_require_selection_and_are_digest_pinned[GENERATED_TABLE]" time="0.034" /><testcase classname="caos.tests.spec.test_deliverables_spec" name="test_model_dependent_block_kinds_require_selection_and_are_digest_pinned[GENERATED_CHART]" time="0.035" /><testcase classname="caos.tests.spec.test_deliverables_spec" name="test_model_dependent_block_kinds_require_selection_and_are_digest_pinned[MODEL_APPENDIX]" time="0.035" /><testcase classname="caos.tests.spec.test_deliverables_spec" name="test_generated_metric_outputs_are_rebuilt_server_side_from_pinned_revision" time="0.037" /><testcase classname="caos.tests.spec.test_deliverables_spec" name="test_forged_scenario_outputs_raise_calculation_mismatch" time="0.041" /><testcase classname="caos.tests.spec.test_deliverables_spec" name="test_scenario_exhibit_requires_selected_model_before_any_calculation" time="0.137" /><testcase classname="caos.tests.spec.test_deliverables_spec" name="test_scenario_base_identity_mismatch_fails_before_calculation_with_zero_residue" time="0.030" /><testcase classname="caos.tests.spec.test_deliverables_spec" name="test_application_build_fallback_scenario_accepts_null_base_revision" time="0.039" /><testcase classname="caos.tests.spec.test_deliverables_spec" name="test_ungoverned_metric_ids_and_chart_recipe_fields_are_rejected" time="0.027" /><testcase classname="caos.tests.spec.test_deliverables_spec" name="test_scenario_digest_must_equal_server_computed_digest" time="0.027" /><testcase classname="caos.tests.spec.test_deliverables_spec" name="test_live_model_builder_authority_feeds_eligibility_selection_scenario_and_freeze" time="17.261" /><testcase classname="caos.tests.spec.test_deliverables_spec" name="test_filing_rejects_a_frozen_fallback_after_an_analyst_revision_becomes_active" time="18.737" /><testcase classname="caos.tests.spec.test_deliverables_spec" name="test_live_incremental_pathway_publishes_against_a_validated_prior_full_credit_model[APPLICATION_BUILD-EARNINGS_UPDATE]" time="25.392" /><testcase classname="caos.tests.spec.test_deliverables_spec" name="test_live_incremental_pathway_publishes_against_a_validated_prior_full_credit_model[APPLICATION_BUILD-COVENANT_REFINANCING]" time="27.180" /><testcase classname="caos.tests.spec.test_deliverables_spec" name="test_live_incremental_pathway_publishes_against_a_validated_prior_full_credit_model[ANALYST_REVISION-EARNINGS_UPDATE]" time="32.100" /><testcase classname="caos.tests.spec.test_deliverables_spec" name="test_live_incremental_pathway_publishes_against_a_validated_prior_full_credit_model[ANALYST_REVISION-COVENANT_REFINANCING]" time="31.948" /><testcase classname="caos.tests.spec.test_deliverables_spec" name="test_case_reader_reads_workspace_but_cannot_write_draft" time="0.153" /><testcase classname="caos.tests.spec.test_deliverables_spec" name="test_downgraded_global_reader_loses_filing_authority_despite_case_standing" time="1.527" /><testcase classname="caos.tests.spec.test_deliverables_spec" name="test_canonical_document_is_the_only_cross_format_export_source" time="6.386" /><testcase classname="caos.tests.spec.test_deliverables_spec" name="test_each_pathway_frozen_payload_renders_substantive_md_pdf_xlsx[FULL_CREDIT]" time="1.687" /><testcase classname="caos.tests.spec.test_deliverables_spec" name="test_each_pathway_frozen_payload_renders_substantive_md_pdf_xlsx[EARNINGS_UPDATE]" time="1.518" /><testcase classname="caos.tests.spec.test_deliverables_spec" name="test_each_pathway_frozen_payload_renders_substantive_md_pdf_xlsx[COVENANT_REFINANCING]" time="1.514" /><testcase classname="caos.tests.spec.test_deliverables_spec" name="test_each_pathway_frozen_payload_renders_substantive_md_pdf_xlsx[RELATIVE_VALUE]" time="1.439" /><testcase classname="caos.tests.spec.test_deliverables_spec" name="test_each_pathway_frozen_payload_renders_substantive_md_pdf_xlsx[DISTRESSED_RESTRUCTURING]" time="1.533" /><testcase classname="caos.tests.spec.test_deliverables_spec" name="test_each_pathway_frozen_payload_renders_substantive_md_pdf_xlsx[DEEP_RESEARCH]" time="1.477" /><testcase classname="caos.tests.spec.test_deliverables_spec" name="test_freeze_embeds_selected_revision_outputs_assumptions_and_build_payload_verbatim" time="1.527" /><testcase classname="caos.tests.spec.test_deliverables_spec" name="test_freeze_is_idempotent_under_race_with_one_record_one_thread_one_audit_event" time="1.542" /><testcase classname="caos.tests.spec.test_deliverables_spec" name="test_divergent_render_for_same_freeze_identity_is_freeze_conflict" time="1.510" /><testcase classname="caos.tests.spec.test_deliverables_spec" name="test_freeze_retry_recovers_after_files_publish_but_before_record_commit" time="3.056" /><testcase classname="caos.tests.spec.test_deliverables_spec" name="test_filing_thread_id_is_a_deterministic_digest_including_build_id" time="0.000" /><testcase classname="caos.tests.spec.test_deliverables_spec" name="test_draft_fails_closed_without_upstream_accepted_authority" time="0.030" /><testcase classname="caos.tests.spec.test_deliverables_spec" name="test_concurrent_filers_yield_exactly_one_filed_with_payload_equal_to_frozen" time="1.495" /><testcase classname="caos.tests.spec.test_deliverables_spec" name="test_approval_binds_exact_preview_digest_and_fingerprint_mismatch_leaves_frozen_retryable" time="1.492" /><testcase classname="caos.tests.spec.test_deliverables_spec" name="test_approval_leaves_frozen_content_bit_identical_and_appends_one_audit_event" time="1.497" /><testcase classname="caos.tests.spec.test_deliverables_spec" name="test_gate_approval_hash_is_canonical_sha256_form" time="1.492" /><testcase classname="caos.tests.spec.test_deliverables_spec" name="test_http_approval_payload_rejects_caller_owned_authority_fields" time="1.548" /><testcase classname="caos.tests.spec.test_deliverables_spec" name="test_gate_rejects_source_set_drift_between_freeze_and_filing" time="1.489" /><testcase classname="caos.tests.spec.test_deliverables_spec" name="test_gate_revalidates_accepted_artifact_graph_after_freeze" time="1.985" /><testcase classname="caos.tests.spec.test_deliverables_spec" name="test_gate_recomputes_stored_digest_and_refuses_tampered_frozen_content" time="1.481" /><testcase classname="caos.tests.spec.test_deliverables_spec" name="test_freeze_refuses_stored_revision_content_tampered_without_its_indexed_digest" time="0.042" /><testcase classname="caos.tests.spec.test_deliverables_spec" name="test_filing_rechecks_frozen_draft_digest_even_if_other_preview_digests_are_rebound" time="1.537" /><testcase classname="caos.tests.spec.test_deliverables_spec" name="test_resume_outside_a_parked_filing_gate_is_refused" time="1.625" /><testcase classname="caos.tests.spec.test_deliverables_spec" name="test_approval_revalidates_current_accepted_snapshot_and_stale_leaves_no_residue" time="1.516" /><testcase classname="caos.tests.spec.test_deliverables_spec" name="test_authority_move_during_approval_cannot_cross_the_filing_cas" time="1.490" /><testcase classname="caos.tests.spec.test_deliverables_spec" name="test_stale_or_duplicate_resume_returns_resume_not_applied_never_success" time="1.612" /><testcase classname="caos.tests.spec.test_deliverables_spec" name="test_later_filing_supersedes_prior_with_pointer_and_terminalizes_its_thread" time="4.402" /><testcase classname="caos.tests.spec.test_deliverables_spec" name="test_http_request_changes_requires_approver_and_nonblank_comment_and_appends_commented_draft" time="1.646" /><testcase classname="caos.tests.spec.test_deliverables_spec" name="test_change_request_revision_conflict_rolls_back_frozen_and_thread_transition" time="1.501" /><testcase classname="caos.tests.spec.test_deliverables_spec" name="test_http_filing_gate_denies_outsiders_404_readers_403_analysts_403_for_every_global_role" time="1.546" /><testcase classname="caos.tests.spec.test_deliverables_spec" name="test_case_approver_standing_suffices_across_all_global_writer_roles" time="9.072" /><testcase classname="caos.tests.spec.test_deliverables_spec" name="test_filed_exports_are_byte_exact_sha_verified_and_never_rerendered" time="1.649" /><testcase classname="caos.tests.spec.test_deliverables_spec" name="test_tampered_or_missing_stored_export_fails_closed_with_no_audit_residue" time="1.454" /><testcase classname="caos.tests.spec.test_deliverables_spec" name="test_filing_refuses_a_missing_frozen_export_and_keeps_the_gate_parked" time="1.431" /><testcase classname="caos.tests.spec.test_deliverables_spec" name="test_filing_refuses_export_metadata_substituted_from_another_reviewed_draft" time="2.835" /><testcase classname="caos.tests.spec.test_deliverables_spec" name="test_xlsx_export_neutralizes_formula_text_and_preserves_typed_model_values" time="1.557" /><testcase classname="caos.tests.spec.test_deliverables_spec" name="test_frozen_pdf_is_structurally_complete_under_optimized_python" time="0.606" /><testcase classname="caos.tests.spec.test_distressed_model_overlay" name="test_distressed_acceptance_queues_auditable_overlay_through_intermediate_snapshot" time="12.010" /><testcase classname="caos.tests.spec.test_distressed_model_overlay" name="test_distressed_ancestry_follows_acceptance_order_when_runs_were_created_out_of_order" time="8.991" /><testcase classname="caos.tests.spec.test_distressed_model_overlay" name="test_distressed_model_export_includes_the_auditable_pathway_effect" time="13.150" /><testcase classname="caos.tests.spec.test_distressed_model_overlay" name="test_signed_distressed_export_matches_the_reviewed_worksheet" time="20.015" /><testcase classname="caos.tests.spec.test_distressed_model_overlay" name="test_distressed_without_ready_full_credit_refuses_with_typed_blocker" time="0.915" /><testcase classname="caos.tests.spec.test_distressed_model_overlay" name="test_distressed_requires_both_cp4c_calculator_records" time="2.953" /><testcase classname="caos.tests.spec.test_distressed_model_overlay" name="test_distressed_rejects_a_forged_cp4c_calculator_binding" time="2.813" /><testcase classname="caos.tests.spec.test_distressed_model_overlay" name="test_distressed_recomputes_calculation_outputs_before_model_use" time="2.951" /><testcase classname="caos.tests.spec.test_distressed_model_overlay" name="test_chain_or_base_tampering_invalidates_a_queued_distressed_build" time="5.823" /><testcase classname="caos.tests.spec.test_distressed_model_overlay" name="test_distressed_base_pointer_is_bound_to_the_snapshot_digest" time="6.593" /><testcase classname="caos.tests.spec.test_distressed_model_overlay" name="test_full_credit_snapshot_identity_is_revalidated_before_model_use" time="2.382" /><testcase classname="caos.tests.spec.test_distressed_model_overlay" name="test_withdrawn_snapshot_source_revokes_model_authority" time="2.415" /><testcase classname="caos.tests.spec.test_distressed_model_overlay" name="test_intermediate_snapshot_withdrawal_does_not_revoke_an_intact_full_credit_base" time="9.030" /><testcase classname="caos.tests.spec.test_evidence_spec" name="test_read_outside_pinned_source_set_fails_closed" time="0.070" /><testcase classname="caos.tests.spec.test_evidence_spec" name="test_read_of_source_withdrawn_after_pin_fails_closed" time="0.066" /><testcase classname="caos.tests.spec.test_evidence_spec" name="test_withdrawal_while_parked_at_interrupt_is_banned_on_resume" time="0.080" /><testcase classname="caos.tests.spec.test_evidence_spec" name="test_unknown_block_is_output_invalid_and_authority_precedes_existence" time="0.068" /><testcase classname="caos.tests.spec.test_evidence_spec" name="test_duplicate_block_ids_are_rejected" time="0.069" /><testcase classname="caos.tests.spec.test_evidence_spec" name="test_block_id_count_bounds_are_enforced[block_ids0]" time="0.069" /><testcase classname="caos.tests.spec.test_evidence_spec" name="test_block_id_count_bounds_are_enforced[block_ids1]" time="0.064" /><testcase classname="caos.tests.spec.test_evidence_spec" name="test_returned_rows_carry_provenance_and_the_delivered_set_is_the_citation_contract" time="0.064" /><testcase classname="caos.tests.spec.test_evidence_spec" name="test_ceiling_rejected_read_leaves_no_citation_expectation" time="0.065" /><testcase classname="caos.tests.spec.test_evidence_spec" name="test_module_delivers_at_most_the_canonical_reference_limit" time="0.023" /><testcase classname="caos.tests.spec.test_evidence_spec" name="test_evidence_bytes_measure_is_the_tool_result_serialization" time="0.195" /><testcase classname="caos.tests.spec.test_evidence_spec" name="test_forged_citation_outside_delivered_set_is_rejected_at_canonicalization" time="0.036" /><testcase classname="caos.tests.spec.test_evidence_spec" name="test_the_scenario_list_covers_every_shape_the_helper_knows" time="0.001" /><testcase classname="caos.tests.spec.test_evidence_spec" name="test_every_argument_shape_fails_closed_with_a_typed_refusal[read_ceiling]" time="0.063" /><testcase classname="caos.tests.spec.test_evidence_spec" name="test_every_argument_shape_fails_closed_with_a_typed_refusal[byte_ceiling]" time="0.065" /><testcase classname="caos.tests.spec.test_evidence_spec" name="test_every_argument_shape_fails_closed_with_a_typed_refusal[absent_block]" time="0.072" /><testcase classname="caos.tests.spec.test_evidence_spec" name="test_every_argument_shape_fails_closed_with_a_typed_refusal[duplicate_blocks]" time="0.064" /><testcase classname="caos.tests.spec.test_evidence_spec" name="test_every_argument_shape_fails_closed_with_a_typed_refusal[empty_block_list]" time="0.064" /><testcase classname="caos.tests.spec.test_evidence_spec" name="test_every_argument_shape_fails_closed_with_a_typed_refusal[too_many_blocks]" time="0.064" /><testcase classname="caos.tests.spec.test_evidence_spec" name="test_every_argument_shape_fails_closed_with_a_typed_refusal[block_ids_not_a_list]" time="0.070" /><testcase classname="caos.tests.spec.test_evidence_spec" name="test_every_argument_shape_fails_closed_with_a_typed_refusal[block_ids_is_a_dict]" time="0.071" /><testcase classname="caos.tests.spec.test_evidence_spec" name="test_every_argument_shape_fails_closed_with_a_typed_refusal[block_ids_is_null]" time="0.068" /><testcase classname="caos.tests.spec.test_evidence_spec" name="test_every_argument_shape_fails_closed_with_a_typed_refusal[block_id_is_an_int]" time="0.064" /><testcase classname="caos.tests.spec.test_evidence_spec" name="test_every_argument_shape_fails_closed_with_a_typed_refusal[block_id_is_a_float]" time="0.067" /><testcase classname="caos.tests.spec.test_evidence_spec" name="test_every_argument_shape_fails_closed_with_a_typed_refusal[block_id_is_null]" time="0.064" /><testcase classname="caos.tests.spec.test_evidence_spec" name="test_every_argument_shape_fails_closed_with_a_typed_refusal[block_id_is_a_bool]" time="0.063" /><testcase classname="caos.tests.spec.test_evidence_spec" name="test_every_argument_shape_fails_closed_with_a_typed_refusal[block_id_is_an_array]" time="0.067" /><testcase classname="caos.tests.spec.test_evidence_spec" name="test_every_argument_shape_fails_closed_with_a_typed_refusal[block_id_is_bytes]" time="0.065" /><testcase classname="caos.tests.spec.test_evidence_spec" name="test_every_argument_shape_fails_closed_with_a_typed_refusal[source_id_is_an_int]" time="0.064" /><testcase classname="caos.tests.spec.test_evidence_spec" name="test_every_argument_shape_fails_closed_with_a_typed_refusal[source_id_is_a_float]" time="0.067" /><testcase classname="caos.tests.spec.test_evidence_spec" name="test_every_argument_shape_fails_closed_with_a_typed_refusal[source_id_is_null]" time="0.068" /><testcase classname="caos.tests.spec.test_evidence_spec" name="test_every_argument_shape_fails_closed_with_a_typed_refusal[source_id_is_an_array]" time="0.064" /><testcase classname="caos.tests.spec.test_evidence_spec" name="test_every_argument_shape_fails_closed_with_a_typed_refusal[source_id_is_a_dict]" time="0.064" /><testcase classname="caos.tests.spec.test_evidence_spec" name="test_every_argument_shape_fails_closed_with_a_typed_refusal[source_id_is_a_bool]" time="0.066" /><testcase classname="caos.tests.spec.test_evidence_spec" name="test_every_argument_shape_fails_closed_with_a_typed_refusal[source_id_is_bytes]" time="0.068" /><testcase classname="caos.tests.spec.test_evidence_spec" name="test_every_argument_shape_fails_closed_with_a_typed_refusal[foreign_case]" time="0.066" /><testcase classname="caos.tests.spec.test_evidence_spec" name="test_every_argument_shape_fails_closed_with_a_typed_refusal[withdrawn]" time="0.070" /><testcase classname="caos.tests.spec.test_evidence_spec" name="test_every_argument_shape_fails_closed_with_a_typed_refusal[outside_pinned_set]" time="0.073" /><testcase classname="caos.tests.spec.test_evidence_spec" name="test_every_argument_shape_fails_closed_with_a_typed_refusal[block_id_of_another_source]" time="0.070" /><testcase classname="caos.tests.spec.test_evidence_spec" name="test_every_argument_shape_fails_closed_with_a_typed_refusal[empty_source_id]" time="0.063" /><testcase classname="caos.tests.spec.test_evidence_spec" name="test_every_argument_shape_fails_closed_with_a_typed_refusal[empty_block_id]" time="0.064" /><testcase classname="caos.tests.spec.test_evidence_spec" name="test_every_argument_shape_fails_closed_with_a_typed_refusal[unknown_source_id]" time="0.065" /><testcase classname="caos.tests.spec.test_evidence_spec" name="test_every_argument_shape_fails_closed_with_a_typed_refusal[lone_surrogate_source_id]" time="0.069" /><testcase classname="caos.tests.spec.test_evidence_spec" name="test_every_argument_shape_fails_closed_with_a_typed_refusal[lone_surrogate_block_id]" time="0.064" /><testcase classname="caos.tests.spec.test_evidence_spec" name="test_every_argument_shape_fails_closed_with_a_typed_refusal[oversized_source_id]" time="0.066" /><testcase classname="caos.tests.spec.test_evidence_spec" name="test_every_argument_shape_fails_closed_with_a_typed_refusal[oversized_block_id]" time="0.065" /><testcase classname="caos.tests.spec.test_evidence_spec" name="test_no_refusal_leaks_evidence_text_or_leaves_a_citation_expectation[read_ceiling]" time="0.069" /><testcase classname="caos.tests.spec.test_evidence_spec" name="test_no_refusal_leaks_evidence_text_or_leaves_a_citation_expectation[byte_ceiling]" time="0.065" /><testcase classname="caos.tests.spec.test_evidence_spec" name="test_no_refusal_leaks_evidence_text_or_leaves_a_citation_expectation[absent_block]" time="0.065" /><testcase classname="caos.tests.spec.test_evidence_spec" name="test_no_refusal_leaks_evidence_text_or_leaves_a_citation_expectation[duplicate_blocks]" time="0.064" /><testcase classname="caos.tests.spec.test_evidence_spec" name="test_no_refusal_leaks_evidence_text_or_leaves_a_citation_expectation[empty_block_list]" time="0.068" /><testcase classname="caos.tests.spec.test_evidence_spec" name="test_no_refusal_leaks_evidence_text_or_leaves_a_citation_expectation[too_many_blocks]" time="0.065" /><testcase classname="caos.tests.spec.test_evidence_spec" name="test_no_refusal_leaks_evidence_text_or_leaves_a_citation_expectation[block_ids_not_a_list]" time="0.072" /><testcase classname="caos.tests.spec.test_evidence_spec" name="test_no_refusal_leaks_evidence_text_or_leaves_a_citation_expectation[block_ids_is_a_dict]" time="0.071" /><testcase classname="caos.tests.spec.test_evidence_spec" name="test_no_refusal_leaks_evidence_text_or_leaves_a_citation_expectation[block_ids_is_null]" time="0.072" /><testcase classname="caos.tests.spec.test_evidence_spec" name="test_no_refusal_leaks_evidence_text_or_leaves_a_citation_expectation[block_id_is_an_int]" time="0.067" /><testcase classname="caos.tests.spec.test_evidence_spec" name="test_no_refusal_leaks_evidence_text_or_leaves_a_citation_expectation[block_id_is_a_float]" time="0.068" /><testcase classname="caos.tests.spec.test_evidence_spec" name="test_no_refusal_leaks_evidence_text_or_leaves_a_citation_expectation[block_id_is_null]" time="0.067" /><testcase classname="caos.tests.spec.test_evidence_spec" name="test_no_refusal_leaks_evidence_text_or_leaves_a_citation_expectation[block_id_is_a_bool]" time="0.159" /><testcase classname="caos.tests.spec.test_evidence_spec" name="test_no_refusal_leaks_evidence_text_or_leaves_a_citation_expectation[block_id_is_an_array]" time="0.065" /><testcase classname="caos.tests.spec.test_evidence_spec" name="test_no_refusal_leaks_evidence_text_or_leaves_a_citation_expectation[block_id_is_bytes]" time="0.066" /><testcase classname="caos.tests.spec.test_evidence_spec" name="test_no_refusal_leaks_evidence_text_or_leaves_a_citation_expectation[source_id_is_an_int]" time="0.068" /><testcase classname="caos.tests.spec.test_evidence_spec" name="test_no_refusal_leaks_evidence_text_or_leaves_a_citation_expectation[source_id_is_a_float]" time="0.072" /><testcase classname="caos.tests.spec.test_evidence_spec" name="test_no_refusal_leaks_evidence_text_or_leaves_a_citation_expectation[source_id_is_null]" time="0.068" /><testcase classname="caos.tests.spec.test_evidence_spec" name="test_no_refusal_leaks_evidence_text_or_leaves_a_citation_expectation[source_id_is_an_array]" time="0.066" /><testcase classname="caos.tests.spec.test_evidence_spec" name="test_no_refusal_leaks_evidence_text_or_leaves_a_citation_expectation[source_id_is_a_dict]" time="0.070" /><testcase classname="caos.tests.spec.test_evidence_spec" name="test_no_refusal_leaks_evidence_text_or_leaves_a_citation_expectation[source_id_is_a_bool]" time="0.066" /><testcase classname="caos.tests.spec.test_evidence_spec" name="test_no_refusal_leaks_evidence_text_or_leaves_a_citation_expectation[source_id_is_bytes]" time="0.068" /><testcase classname="caos.tests.spec.test_evidence_spec" name="test_no_refusal_leaks_evidence_text_or_leaves_a_citation_expectation[foreign_case]" time="0.069" /><testcase classname="caos.tests.spec.test_evidence_spec" name="test_no_refusal_leaks_evidence_text_or_leaves_a_citation_expectation[withdrawn]" time="0.071" /><testcase classname="caos.tests.spec.test_evidence_spec" name="test_no_refusal_leaks_evidence_text_or_leaves_a_citation_expectation[outside_pinned_set]" time="0.067" /><testcase classname="caos.tests.spec.test_evidence_spec" name="test_no_refusal_leaks_evidence_text_or_leaves_a_citation_expectation[block_id_of_another_source]" time="0.258" /><testcase classname="caos.tests.spec.test_evidence_spec" name="test_no_refusal_leaks_evidence_text_or_leaves_a_citation_expectation[empty_source_id]" time="0.072" /><testcase classname="caos.tests.spec.test_evidence_spec" name="test_no_refusal_leaks_evidence_text_or_leaves_a_citation_expectation[empty_block_id]" time="0.069" /><testcase classname="caos.tests.spec.test_evidence_spec" name="test_no_refusal_leaks_evidence_text_or_leaves_a_citation_expectation[unknown_source_id]" time="0.065" /><testcase classname="caos.tests.spec.test_evidence_spec" name="test_no_refusal_leaks_evidence_text_or_leaves_a_citation_expectation[lone_surrogate_source_id]" time="0.068" /><testcase classname="caos.tests.spec.test_evidence_spec" name="test_no_refusal_leaks_evidence_text_or_leaves_a_citation_expectation[lone_surrogate_block_id]" time="0.066" /><testcase classname="caos.tests.spec.test_evidence_spec" name="test_no_refusal_leaks_evidence_text_or_leaves_a_citation_expectation[oversized_source_id]" time="0.070" /><testcase classname="caos.tests.spec.test_evidence_spec" name="test_no_refusal_leaks_evidence_text_or_leaves_a_citation_expectation[oversized_block_id]" time="0.066" /><testcase classname="caos.tests.spec.test_evidence_spec" name="test_a_block_id_that_collides_across_sources_reads_only_the_named_source" time="0.068" /><testcase classname="caos.tests.spec.test_evidence_spec" name="test_tool_arguments_off_the_declared_two_field_shape_are_refused[arguments0]" time="0.000" /><testcase classname="caos.tests.spec.test_evidence_spec" name="test_tool_arguments_off_the_declared_two_field_shape_are_refused[arguments1]" time="0.000" /><testcase classname="caos.tests.spec.test_evidence_spec" name="test_tool_arguments_off_the_declared_two_field_shape_are_refused[arguments2]" time="0.000" /><testcase classname="caos.tests.spec.test_evidence_spec" name="test_tool_arguments_off_the_declared_two_field_shape_are_refused[arguments3]" time="0.000" /><testcase classname="caos.tests.spec.test_evidence_spec" name="test_tool_arguments_off_the_declared_two_field_shape_are_refused[arguments4]" time="0.000" /><testcase classname="caos.tests.spec.test_evidence_spec" name="test_tool_arguments_off_the_declared_two_field_shape_are_refused[arguments5]" time="0.000" /><testcase classname="caos.tests.spec.test_evidence_spec" name="test_tool_arguments_off_the_declared_two_field_shape_are_refused[arguments6]" time="0.000" /><testcase classname="caos.tests.spec.test_evidence_spec" name="test_tool_arguments_off_the_declared_two_field_shape_are_refused[arguments7]" time="0.000" /><testcase classname="caos.tests.spec.test_evidence_spec" name="test_tool_arguments_off_the_declared_two_field_shape_are_refused[arguments8]" time="0.000" /><testcase classname="caos.tests.spec.test_evidence_spec" name="test_tool_arguments_off_the_declared_two_field_shape_are_refused[arguments9]" time="0.000" /><testcase classname="caos.tests.spec.test_evidence_spec" name="test_tool_arguments_off_the_declared_two_field_shape_are_refused[arguments10]" time="0.000" /><testcase classname="caos.tests.spec.test_evidence_spec" name="test_tool_arguments_off_the_declared_two_field_shape_are_refused[not-a-dict]" time="0.000" /><testcase classname="caos.tests.spec.test_evidence_spec" name="test_tool_arguments_off_the_declared_two_field_shape_are_refused[None]" time="0.000" /><testcase classname="caos.tests.spec.test_evidence_spec" name="test_tool_arguments_off_the_declared_two_field_shape_are_refused[arguments13]" time="0.000" /><testcase classname="caos.tests.spec.test_evidence_spec" name="test_duplicate_tool_argument_keys_are_refused_not_collapsed" time="0.000" /><testcase classname="caos.tests.spec.test_evidence_spec" name="test_an_unbounded_read_loop_is_stopped_by_the_run_evidence_read_ceiling" time="0.183" /><testcase classname="caos.tests.spec.test_evidence_spec" name="test_a_refused_read_ends_the_module_instead_of_returning_a_reason_to_the_model" time="0.130" /><testcase classname="caos.tests.spec.test_evidence_spec" name="test_the_run_error_surface_carries_a_code_and_never_a_message" time="0.067" /><testcase classname="caos.tests.spec.test_evidence_spec" name="test_a_ledger_refused_read_leaves_no_expectation_even_though_rows_were_built" time="0.072" /><testcase classname="caos.tests.spec.test_http_contracts_spec" name="test_representative_response_payloads_preserve_exact_key_sets[case]" time="0.241" /><testcase classname="caos.tests.spec.test_http_contracts_spec" name="test_representative_response_payloads_preserve_exact_key_sets[source]" time="0.243" /><testcase classname="caos.tests.spec.test_http_contracts_spec" name="test_representative_response_payloads_preserve_exact_key_sets[source_set]" time="0.250" /><testcase classname="caos.tests.spec.test_http_contracts_spec" name="test_representative_response_payloads_preserve_exact_key_sets[run]" time="0.242" /><testcase classname="caos.tests.spec.test_http_contracts_spec" name="test_representative_response_payloads_preserve_exact_key_sets[snapshot]" time="0.358" /><testcase classname="caos.tests.spec.test_http_contracts_spec" name="test_representative_response_payloads_preserve_exact_key_sets[artifact]" time="0.243" /><testcase classname="caos.tests.spec.test_http_contracts_spec" name="test_representative_response_payloads_preserve_exact_key_sets[model_readiness]" time="0.248" /><testcase classname="caos.tests.spec.test_http_contracts_spec" name="test_representative_response_payloads_preserve_exact_key_sets[model_build]" time="0.243" /><testcase classname="caos.tests.spec.test_http_contracts_spec" name="test_representative_response_payloads_preserve_exact_key_sets[audit]" time="0.242" /><testcase classname="caos.tests.spec.test_http_contracts_spec" name="test_family_models_reject_an_injected_unknown_top_level_key[case]" time="0.237" /><testcase classname="caos.tests.spec.test_http_contracts_spec" name="test_family_models_reject_an_injected_unknown_top_level_key[source]" time="0.249" /><testcase classname="caos.tests.spec.test_http_contracts_spec" name="test_family_models_reject_an_injected_unknown_top_level_key[source_set]" time="0.243" /><testcase classname="caos.tests.spec.test_http_contracts_spec" name="test_family_models_reject_an_injected_unknown_top_level_key[run]" time="0.239" /><testcase classname="caos.tests.spec.test_http_contracts_spec" name="test_family_models_reject_an_injected_unknown_top_level_key[snapshot]" time="0.247" /><testcase classname="caos.tests.spec.test_http_contracts_spec" name="test_family_models_reject_an_injected_unknown_top_level_key[artifact]" time="0.242" /><testcase classname="caos.tests.spec.test_http_contracts_spec" name="test_family_models_reject_an_injected_unknown_top_level_key[model_readiness]" time="0.244" /><testcase classname="caos.tests.spec.test_http_contracts_spec" name="test_family_models_reject_an_injected_unknown_top_level_key[model_build]" time="0.400" /><testcase classname="caos.tests.spec.test_http_contracts_spec" name="test_family_models_reject_an_injected_unknown_top_level_key[audit]" time="0.250" /><testcase classname="caos.tests.spec.test_http_contracts_spec" name="test_health_serves_the_pinned_readiness_key_set" time="0.158" /><testcase classname="caos.tests.spec.test_http_contracts_spec" name="test_health_model_rejects_an_injected_unknown_top_level_key" time="0.000" /><testcase classname="caos.tests.spec.test_http_contracts_spec" name="test_model_build_rejects_unknown_calculation_runtime_fields" time="0.251" /><testcase classname="caos.tests.spec.test_http_contracts_spec" name="test_model_route_preserves_legacy_calculation_runtime_identity" time="0.244" /><testcase classname="caos.tests.spec.test_http_contracts_spec" name="test_model_readiness_uses_the_shared_model_build_shape" time="0.244" /><testcase classname="caos.tests.spec.test_http_contracts_spec" name="test_every_enumerated_audit_action_validates_strictly[assumption.created]" time="0.000" /><testcase classname="caos.tests.spec.test_http_contracts_spec" name="test_every_enumerated_audit_action_validates_strictly[audit.package_exported]" time="0.000" /><testcase classname="caos.tests.spec.test_http_contracts_spec" name="test_every_enumerated_audit_action_validates_strictly[case.member_added]" time="0.000" /><testcase classname="caos.tests.spec.test_http_contracts_spec" name="test_every_enumerated_audit_action_validates_strictly[deliverable.exported]" time="0.000" /><testcase classname="caos.tests.spec.test_http_contracts_spec" name="test_every_enumerated_audit_action_validates_strictly[deliverable.filed]" time="0.000" /><testcase classname="caos.tests.spec.test_http_contracts_spec" name="test_every_enumerated_audit_action_validates_strictly[deliverable.freeze_failed]" time="0.000" /><testcase classname="caos.tests.spec.test_http_contracts_spec" name="test_every_enumerated_audit_action_validates_strictly[deliverable.freeze_queued]" time="0.000" /><testcase classname="caos.tests.spec.test_http_contracts_spec" name="test_every_enumerated_audit_action_validates_strictly[deliverable.frozen]" time="0.000" /><testcase classname="caos.tests.spec.test_http_contracts_spec" name="test_every_enumerated_audit_action_validates_strictly[deliverable.opinion.signed]" time="0.000" /><testcase classname="caos.tests.spec.test_http_contracts_spec" name="test_every_enumerated_audit_action_validates_strictly[intake.admitted]" time="0.000" /><testcase classname="caos.tests.spec.test_http_contracts_spec" name="test_every_enumerated_audit_action_validates_strictly[intake.refused]" time="0.000" /><testcase classname="caos.tests.spec.test_http_contracts_spec" name="test_every_enumerated_audit_action_validates_strictly[intake.run_started]" time="0.000" /><testcase classname="caos.tests.spec.test_http_contracts_spec" name="test_every_enumerated_audit_action_validates_strictly[model.calculate.succeeded]" time="0.000" /><testcase classname="caos.tests.spec.test_http_contracts_spec" name="test_every_enumerated_audit_action_validates_strictly[model.export.downloaded]" time="0.000" /><testcase classname="caos.tests.spec.test_http_contracts_spec" name="test_every_enumerated_audit_action_validates_strictly[model.export.failed]" time="0.000" /><testcase classname="caos.tests.spec.test_http_contracts_spec" name="test_every_enumerated_audit_action_validates_strictly[model.export.queued]" time="0.000" /><testcase classname="caos.tests.spec.test_http_contracts_spec" name="test_every_enumerated_audit_action_validates_strictly[model.export.succeeded]" time="0.000" /><testcase classname="caos.tests.spec.test_http_contracts_spec" name="test_every_enumerated_audit_action_validates_strictly[model.retried]" time="0.000" /><testcase classname="caos.tests.spec.test_http_contracts_spec" name="test_every_enumerated_audit_action_validates_strictly[note.created]" time="0.000" /><testcase classname="caos.tests.spec.test_http_contracts_spec" name="test_every_enumerated_audit_action_validates_strictly[note.promoted]" time="0.000" /><testcase classname="caos.tests.spec.test_http_contracts_spec" name="test_every_enumerated_audit_action_validates_strictly[report.approved]" time="0.000" /><testcase classname="caos.tests.spec.test_http_contracts_spec" name="test_every_enumerated_audit_action_validates_strictly[research.plan_approved]" time="0.000" /><testcase classname="caos.tests.spec.test_http_contracts_spec" name="test_every_enumerated_audit_action_validates_strictly[rv.universe_versioned]" time="0.000" /><testcase classname="caos.tests.spec.test_http_contracts_spec" name="test_every_enumerated_audit_action_validates_strictly[snapshot.visible_switched]" time="0.000" /><testcase classname="caos.tests.spec.test_http_contracts_spec" name="test_every_enumerated_audit_action_validates_strictly[source.withdrawn]" time="0.000" /><testcase classname="caos.tests.spec.test_http_contracts_spec" name="test_audit_log_from_a_real_flow_validates_strictly" time="0.245" /><testcase classname="caos.tests.spec.test_http_contracts_spec" name="test_model_build_response_validates_each_lifecycle_shape[model_build-QUEUED]" time="0.245" /><testcase classname="caos.tests.spec.test_http_contracts_spec" name="test_model_build_response_validates_each_lifecycle_shape[failed_model_build-FAILED]" time="0.250" /><testcase classname="caos.tests.spec.test_http_contracts_spec" name="test_model_build_response_validates_each_lifecycle_shape[ready_model_build-READY]" time="0.246" /><testcase classname="caos.tests.spec.test_http_contracts_spec" name="test_source_response_validates_upload_and_stored_shapes" time="0.268" /><testcase classname="caos.tests.spec.test_http_contracts_spec" name="test_promoted_note_source_carries_source_kind_within_the_same_strict_shape" time="0.244" /><testcase classname="caos.tests.spec.test_http_contracts_spec" name="test_withdrawn_source_detail_remains_retrievable_with_strict_public_shape" time="0.076" /><testcase classname="caos.tests.spec.test_http_contracts_spec" name="test_upload_route_enforces_the_same_admission_as_the_ingestion_helper" time="0.077" /><testcase classname="caos.tests.spec.test_http_contracts_spec" name="test_upload_route_closes_multipart_files_on_success_and_refusal" time="0.069" /><testcase classname="caos.tests.spec.test_http_contracts_spec" name="test_every_response_carries_the_browser_hardening_headers" time="0.255" /><testcase classname="caos.tests.spec.test_http_contracts_spec" name="test_focus_questions_and_thesis_items_are_bounded_per_item" time="0.096" /><testcase classname="caos.tests.spec.test_http_contracts_spec" name="test_client_cannot_enable_the_placeholder_deterministic_test_seam" time="0.069" /><testcase classname="caos.tests.spec.test_http_contracts_spec" name="test_provider_preflight_refusals_are_service_unavailable[AGENT_EXECUTION_DISABLED]" time="0.065" /><testcase classname="caos.tests.spec.test_http_contracts_spec" name="test_provider_preflight_refusals_are_service_unavailable[AGENT_PROVIDER_UNAVAILABLE]" time="0.066" /><testcase classname="caos.tests.spec.test_http_contracts_spec" name="test_provider_preflight_refusals_are_service_unavailable[AGENT_QUALIFICATION_MISSING]" time="0.071" /><testcase classname="caos.tests.spec.test_http_contracts_spec" name="test_provider_preflight_refusals_are_service_unavailable[AGENT_QUALIFICATION_EXPIRED]" time="0.065" /><testcase classname="caos.tests.spec.test_http_contracts_spec" name="test_provider_preflight_refusals_are_service_unavailable[AGENT_PROVIDER_UNQUALIFIED]" time="0.069" /><testcase classname="caos.tests.spec.test_http_contracts_spec" name="test_provider_preflight_refusals_are_service_unavailable[AGENT_IDENTITY_MISMATCH]" time="0.073" /><testcase classname="caos.tests.spec.test_http_contracts_spec" name="test_distinct_duplicate_note_promotion_is_a_structured_source_conflict" time="0.078" /><testcase classname="caos.tests.spec.test_http_contracts_spec" name="test_snapshot_diff_entries_are_module_id_and_digest_only" time="0.000" /><testcase classname="caos.tests.spec.test_http_contracts_spec" name="test_snapshot_diff_entries_reject_artifact_and_snapshot_ids" time="0.000" /><testcase classname="caos.tests.spec.test_http_contracts_spec" name="test_openapi_refs_a_named_component_schema_for_every_2xx_json_response" time="0.263" /><testcase classname="caos.tests.spec.test_http_contracts_spec" name="test_openapi_named_response_schemas_forbid_additional_properties[HealthResponse]" time="0.260" /><testcase classname="caos.tests.spec.test_http_contracts_spec" name="test_openapi_named_response_schemas_forbid_additional_properties[CaseDetailResponse]" time="0.274" /><testcase classname="caos.tests.spec.test_http_contracts_spec" name="test_openapi_named_response_schemas_forbid_additional_properties[CanonicalGenerationResponse]" time="0.271" /><testcase classname="caos.tests.spec.test_http_contracts_spec" name="test_openapi_named_response_schemas_forbid_additional_properties[CanonicalGenerationProgressResponse]" time="0.261" /><testcase classname="caos.tests.spec.test_http_contracts_spec" name="test_openapi_named_response_schemas_forbid_additional_properties[ThesisResponse]" time="0.251" /><testcase classname="caos.tests.spec.test_http_contracts_spec" name="test_openapi_named_response_schemas_forbid_additional_properties[LoanUniverseResponse]" time="0.257" /><testcase classname="caos.tests.spec.test_http_contracts_spec" name="test_openapi_named_response_schemas_forbid_additional_properties[LoanUniverseFindingResponse]" time="0.388" /><testcase classname="caos.tests.spec.test_http_contracts_spec" name="test_openapi_named_response_schemas_forbid_additional_properties[ModelListResponse]" time="0.255" /><testcase classname="caos.tests.spec.test_http_contracts_spec" name="test_openapi_named_response_schemas_forbid_additional_properties[VisualRecipeValidationResponse]" time="0.250" /><testcase classname="caos.tests.spec.test_http_contracts_spec" name="test_openapi_named_response_schemas_forbid_additional_properties[ResearchStateResponse]" time="0.252" /><testcase classname="caos.tests.spec.test_http_contracts_spec" name="test_openapi_named_response_schemas_forbid_additional_properties[ResearchPlanResponse]" time="0.254" /><testcase classname="caos.tests.spec.test_http_contracts_spec" name="test_openapi_named_response_schemas_forbid_additional_properties[IntakeResponse]" time="0.250" /><testcase classname="caos.tests.spec.test_http_contracts_spec" name="test_openapi_named_response_schemas_forbid_additional_properties[IntakeDocumentResponse]" time="0.255" /><testcase classname="caos.tests.spec.test_http_contracts_spec" name="test_openapi_loan_import_serves_the_strict_universe_schema_on_200_and_201" time="0.256" /><testcase classname="caos.tests.spec.test_http_contracts_spec" name="test_run_events_sse_tails_the_event_log_with_last_event_id_resume" time="0.953" /><testcase classname="caos.tests.spec.test_http_contracts_spec" name="test_canonical_generation_round_trips_and_preserves_completed_modules_omission" time="0.002" /><testcase classname="caos.tests.spec.test_http_contracts_spec" name="test_canonical_generation_rejects_unknown_keys" time="0.001" /><testcase classname="caos.tests.spec.test_http_contracts_spec" name="test_provider_identity_wire_contract_verifies_the_self_digest_and_exact_keys" time="0.001" /><testcase classname="caos.tests.spec.test_http_contracts_spec" name="test_generation_attempt_identity_is_never_synthesized_or_open_ended" time="0.072" /><testcase classname="caos.tests.spec.test_http_contracts_spec" name="test_malformed_provider_attempt_scalars_remain_strictly_servable" time="0.158" /><testcase classname="caos.tests.spec.test_http_contracts_spec" name="test_loan_universe_response_round_trips_a_full_rejected_payload" time="0.000" /><testcase classname="caos.tests.spec.test_http_contracts_spec" name="test_loan_universe_finding_rejects_an_unknown_key" time="0.000" /><testcase classname="caos.tests.spec.test_http_contracts_spec" name="test_response_validation_fails_closed_on_the_idempotent_import_path" time="0.070" /><testcase classname="caos.tests.spec.test_injection_spec" name="test_out_of_set_source_named_by_the_document_is_refused_and_returns_no_text" time="0.144" /><testcase classname="caos.tests.spec.test_injection_spec" name="test_cross_case_source_named_by_the_document_is_refused" time="0.140" /><testcase classname="caos.tests.spec.test_injection_spec" name="test_withdrawal_racing_the_injected_read_is_caught_live_inside_the_tool" time="0.273" /><testcase classname="caos.tests.spec.test_injection_spec" name="test_homoglyph_and_zero_width_source_ids_do_not_address_the_pinned_source[0]" time="0.131" /><testcase classname="caos.tests.spec.test_injection_spec" name="test_homoglyph_and_zero_width_source_ids_do_not_address_the_pinned_source[1]" time="0.133" /><testcase classname="caos.tests.spec.test_injection_spec" name="test_web_discovery_instruction_cannot_reach_a_second_tool" time="0.144" /><testcase classname="caos.tests.spec.test_injection_spec" name="test_document_cannot_buy_an_answer_with_no_supplied_evidence" time="0.155" /><testcase classname="caos.tests.spec.test_injection_spec" name="test_smuggled_envelope_fields_are_refused_not_ignored" time="0.156" /><testcase classname="caos.tests.spec.test_injection_spec" name="test_citation_to_an_undelivered_block_is_refused" time="0.154" /><testcase classname="caos.tests.spec.test_injection_spec" name="test_forged_frontmatter_from_the_document_never_survives_canonicalization" time="0.544" /><testcase classname="caos.tests.spec.test_injection_spec" name="test_a_document_cannot_talk_a_blocked_module_into_qa_passed" time="0.151" /><testcase classname="caos.tests.spec.test_injection_spec" name="test_a_forged_host_contract_inside_a_document_never_becomes_system_authority" time="0.550" /><testcase classname="caos.tests.spec.test_injection_spec" name="test_every_forbidden_authority_key_the_document_names_is_refused" time="0.001" /><testcase classname="caos.tests.spec.test_injection_spec" name="test_a_focus_question_copied_out_of_a_document_carries_no_authority" time="0.544" /><testcase classname="caos.tests.spec.test_injection_spec" name="test_a_workbook_imported_after_the_pin_cannot_bind_itself_to_the_run" time="0.341" /><testcase classname="caos.tests.spec.test_injection_spec" name="test_a_superseding_workbook_cannot_swap_what_the_pinned_run_binds" time="0.359" /><testcase classname="caos.tests.spec.test_intake_spec" name="test_golden_pack_creates_the_case_admits_every_file_and_starts_full_credit" time="0.104" /><testcase classname="caos.tests.spec.test_intake_spec" name="test_the_intake_route_is_a_writer_action_and_a_case_member_boundary" time="0.076" /><testcase classname="caos.tests.spec.test_intake_spec" name="test_one_refused_file_refuses_the_whole_pack_and_admits_nothing[bad_file0-422]" time="0.065" /><testcase classname="caos.tests.spec.test_intake_spec" name="test_one_refused_file_refuses_the_whole_pack_and_admits_nothing[bad_file1-415]" time="0.066" /><testcase classname="caos.tests.spec.test_intake_spec" name="test_one_refused_file_refuses_the_whole_pack_and_admits_nothing[bad_file2-422]" time="0.074" /><testcase classname="caos.tests.spec.test_intake_spec" name="test_one_refused_file_refuses_the_whole_pack_and_admits_nothing[bad_file3-422]" time="0.066" /><testcase classname="caos.tests.spec.test_intake_spec" name="test_a_refused_pack_into_an_existing_case_leaves_its_source_set_untouched" time="0.110" /><testcase classname="caos.tests.spec.test_intake_spec" name="test_file_count_ceilings_are_enforced_before_any_admission" time="0.065" /><testcase classname="caos.tests.spec.test_intake_spec" name="test_exact_duplicates_within_a_pack_collapse_without_losing_the_name" time="0.102" /><testcase classname="caos.tests.spec.test_intake_spec" name="test_redropping_the_pack_with_one_new_file_admits_only_what_is_new" time="0.262" /><testcase classname="caos.tests.spec.test_intake_spec" name="test_conflicting_duplicate_filenames_are_refused_with_structured_findings" time="0.068" /><testcase classname="caos.tests.spec.test_intake_spec" name="test_a_restated_annual_report_supersedes_the_original_and_both_stay_admitted" time="0.109" /><testcase classname="caos.tests.spec.test_intake_spec" name="test_amendments_stay_separately_active_and_linked_to_the_base_agreement" time="0.112" /><testcase classname="caos.tests.spec.test_intake_spec" name="test_a_pack_that_disagrees_with_the_explicit_case_issuer_is_refused" time="0.070" /><testcase classname="caos.tests.spec.test_intake_spec" name="test_a_pack_with_two_issuers_is_ambiguous_and_admits_nothing" time="0.068" /><testcase classname="caos.tests.spec.test_intake_spec" name="test_an_existing_case_is_resolved_by_normalized_issuer_only_within_the_actor_membership" time="0.177" /><testcase classname="caos.tests.spec.test_intake_spec" name="test_two_own_cases_for_one_issuer_make_resolution_ambiguous_so_a_new_case_is_created" time="0.108" /><testcase classname="caos.tests.spec.test_intake_spec" name="test_a_textless_pdf_alone_is_admitted_and_returns_one_typed_clarification" time="0.069" /><testcase classname="caos.tests.spec.test_intake_spec" name="test_adding_the_missing_source_recovers_without_reentering_anything" time="0.113" /><testcase classname="caos.tests.spec.test_intake_spec" name="test_a_double_submit_converges_on_one_intake_and_one_run" time="0.103" /><testcase classname="caos.tests.spec.test_intake_spec" name="test_host_classification_selects_each_pathway_from_the_documents_alone[full_credit]" time="0.104" /><testcase classname="caos.tests.spec.test_intake_spec" name="test_host_classification_selects_each_pathway_from_the_documents_alone[earnings_update]" time="0.094" /><testcase classname="caos.tests.spec.test_intake_spec" name="test_host_classification_selects_each_pathway_from_the_documents_alone[covenant_refinancing]" time="0.096" /><testcase classname="caos.tests.spec.test_intake_spec" name="test_host_classification_selects_each_pathway_from_the_documents_alone[relative_value]" time="0.115" /><testcase classname="caos.tests.spec.test_intake_spec" name="test_host_classification_selects_each_pathway_from_the_documents_alone[distressed]" time="0.103" /><testcase classname="caos.tests.spec.test_intake_spec" name="test_host_classification_selects_each_pathway_from_the_documents_alone[deep_research]" time="0.098" /><testcase classname="caos.tests.spec.test_intake_spec" name="test_document_instructions_are_inert_evidence_and_cannot_select_the_route" time="0.101" /><testcase classname="caos.tests.spec.test_intake_spec" name="test_the_intake_and_its_run_survive_a_process_restart" time="0.148" /><testcase classname="caos.tests.spec.test_intake_spec" name="test_an_execution_refusal_keeps_the_pack_admitted_with_a_typed_code" time="0.226" /><testcase classname="caos.tests.spec.test_intake_spec" name="test_a_completed_intake_run_is_reviewable_but_never_accepted_on_the_analysts_behalf" time="1.210" /><testcase classname="caos.tests.spec.test_limits_spec" name="test_declared_enterprise_ceilings_are_the_configured_defaults" time="0.000" /><testcase classname="caos.tests.spec.test_limits_spec" name="test_source_size_ceiling_below_at_and_above_refuses_before_scan_or_vault" time="0.076" /><testcase classname="caos.tests.spec.test_limits_spec" name="test_request_ceiling_bounds_the_source_ceiling_and_is_enforced_at_the_edge" time="0.001" /><testcase classname="caos.tests.spec.test_limits_spec" name="test_intake_file_ceiling_at_and_above_refuses_before_any_admission" time="0.109" /><testcase classname="caos.tests.spec.test_limits_spec" name="test_manifest_block_ceiling_at_and_above_is_refused_before_provider_contact" time="0.016" /><testcase classname="caos.tests.spec.test_limits_spec" name="test_manifest_above_the_ceiling_fails_the_run_typed_with_no_provider_call" time="0.120" /><testcase classname="caos.tests.spec.test_limits_spec" name="test_active_job_ceiling_refuses_the_twenty_first_before_any_reservation" time="0.120" /><testcase classname="caos.tests.spec.test_limits_spec" name="test_preview_ceiling_at_and_above_is_per_subject_and_returned" time="0.002" /><testcase classname="caos.tests.spec.test_limits_spec" name="test_stream_ceiling_at_and_above_is_per_subject_and_returned" time="0.001" /><testcase classname="caos.tests.spec.test_limits_spec" name="test_rate_ceiling_exactly_at_the_limit_is_admitted_and_one_more_is_refused" time="0.066" /><testcase classname="caos.tests.spec.test_loan_universe_spec" name="test_identical_workbook_bytes_yield_identical_universe_digest" time="0.030" /><testcase classname="caos.tests.spec.test_loan_universe_spec" name="test_visible_rows_map_with_source_units_and_locators_while_hidden_sheets_never_appear" time="0.009" /><testcase classname="caos.tests.spec.test_loan_universe_spec" name="test_duplicate_rows_collapse_and_preserve_every_locator" time="0.009" /><testcase classname="caos.tests.spec.test_loan_universe_spec" name="test_blank_optional_cells_remain_null" time="0.009" /><testcase classname="caos.tests.spec.test_loan_universe_spec" name="test_bloomberg_alias_reconciles_a_missing_figi_before_duplicate_collapse" time="0.010" /><testcase classname="caos.tests.spec.test_loan_universe_spec" name="test_conflicting_duplicates_and_identifier_mappings_reject_the_candidate" time="0.010" /><testcase classname="caos.tests.spec.test_loan_universe_spec" name="test_partial_headers_and_conflicting_dates_reject_the_complete_workbook" time="0.014" /><testcase classname="caos.tests.spec.test_loan_universe_spec" name="test_invalid_rows_fail_closed[row0-RV_BORROWER_MISSING]" time="0.009" /><testcase classname="caos.tests.spec.test_loan_universe_spec" name="test_invalid_rows_fail_closed[row1-RV_NUMBER_INVALID]" time="0.009" /><testcase classname="caos.tests.spec.test_loan_universe_spec" name="test_invalid_rows_fail_closed[row2-RV_NUMBER_NON_FINITE]" time="0.009" /><testcase classname="caos.tests.spec.test_loan_universe_spec" name="test_invalid_rows_fail_closed[row3-RV_MATURITY_INVALID]" time="0.012" /><testcase classname="caos.tests.spec.test_loan_universe_spec" name="test_invalid_rows_fail_closed[row4-RV_MATURITY_INVALID]" time="0.010" /><testcase classname="caos.tests.spec.test_loan_universe_spec" name="test_formula_without_cached_value_becomes_null_without_execution" time="0.009" /><testcase classname="caos.tests.spec.test_loan_universe_spec" name="test_unsafe_package_parts_reject_before_workbook_parsing" time="0.005" /><testcase classname="caos.tests.spec.test_loan_universe_spec" name="test_external_relationship_with_xml_whitespace_is_rejected" time="0.005" /><testcase classname="caos.tests.spec.test_loan_universe_spec" name="test_workbook_sheet_limit_rejects_over_cap_counts" time="0.037" /><testcase classname="caos.tests.spec.test_loan_universe_spec" name="test_import_is_idempotent_on_content_identity_and_serves_the_active_rows" time="0.095" /><testcase classname="caos.tests.spec.test_loan_universe_spec" name="test_invalid_import_returns_structured_findings_and_preserves_prior_active_universe" time="0.104" /><testcase classname="caos.tests.spec.test_loan_universe_spec" name="test_import_rejects_vault_bytes_that_do_not_match_the_source_digest" time="0.084" /><testcase classname="caos.tests.spec.test_loan_universe_spec" name="test_loan_universe_api_is_case_scoped_and_reader_safe" time="0.099" /><testcase classname="caos.tests.spec.test_loan_universe_spec" name="test_source_withdrawal_deactivates_loan_universe" time="0.224" /><testcase classname="caos.tests.spec.test_loan_universe_spec" name="test_new_import_supersedes_the_prior_active_and_keeps_exactly_one_active" time="0.114" /><testcase classname="caos.tests.spec.test_loan_universe_spec" name="test_rejected_candidates_never_activate_and_withdrawn_sources_refuse_new_imports" time="0.103" /><testcase classname="caos.tests.spec.test_loan_universe_spec" name="test_withdraw_then_import_refuses_with_a_typed_source_not_active" time="0.089" /><testcase classname="caos.tests.spec.test_loan_universe_spec" name="test_import_then_withdraw_leaves_the_universe_withdrawn_and_inactive" time="0.094" /><testcase classname="caos.tests.spec.test_loan_universe_spec" name="test_withdrawal_injected_inside_the_import_window_never_yields_an_active_universe" time="0.097" /><testcase classname="caos.tests.spec.test_loan_universe_spec" name="test_cp3_artifact_binds_the_pinned_normalized_loan_universe" time="0.383" /><testcase classname="caos.tests.spec.test_loan_universe_spec" name="test_relationships_part_declaring_a_dtd_is_refused_without_expanding_it" time="0.006" /><testcase classname="caos.tests.spec.test_misc_spec" name="test_newer_accepted_run_sets_switch_required_until_explicit_switch" time="0.271" /><testcase classname="caos.tests.spec.test_misc_spec" name="test_read_only_member_cannot_upgrade_a_run" time="0.190" /><testcase classname="caos.tests.spec.test_misc_spec" name="test_cp2g_emits_handoff_without_fabricated_workbook_values_or_signing_claims" time="0.741" /><testcase classname="caos.tests.spec.test_misc_spec" name="test_financial_guards_and_rv_signal_bands" time="0.001" /><testcase classname="caos.tests.spec.test_misc_spec" name="test_rv_currency_normalized_before_comparability_and_invalid_codes_rejected" time="0.078" /><testcase classname="caos.tests.spec.test_misc_spec" name="test_edge_scrubs_every_identity_header_the_app_trusts" time="0.001" /><testcase classname="caos.tests.spec.test_misc_spec" name="test_client_role_header_cannot_escalate_in_production" time="0.066" /><testcase classname="caos.tests.spec.test_misc_spec" name="test_unknown_environment_names_fail_closed_before_identity_mode_is_chosen[Production]" time="0.000" /><testcase classname="caos.tests.spec.test_misc_spec" name="test_unknown_environment_names_fail_closed_before_identity_mode_is_chosen[PRODUCTION]" time="0.000" /><testcase classname="caos.tests.spec.test_misc_spec" name="test_unknown_environment_names_fail_closed_before_identity_mode_is_chosen[prod]" time="0.000" /><testcase classname="caos.tests.spec.test_misc_spec" name="test_unknown_environment_names_fail_closed_before_identity_mode_is_chosen[staging]" time="0.000" /><testcase classname="caos.tests.spec.test_misc_spec" name="test_unknown_environment_names_fail_closed_before_identity_mode_is_chosen[]" time="0.000" /><testcase classname="caos.tests.spec.test_misc_spec" name="test_production_rejects_duplicate_trusted_identity_headers[edge]" time="0.000" /><testcase classname="caos.tests.spec.test_misc_spec" name="test_production_rejects_duplicate_trusted_identity_headers[user]" time="0.000" /><testcase classname="caos.tests.spec.test_misc_spec" name="test_production_rejects_duplicate_trusted_identity_headers[email]" time="0.000" /><testcase classname="caos.tests.spec.test_misc_spec" name="test_production_rejects_duplicate_trusted_identity_headers[groups]" time="0.000" /><testcase classname="caos.tests.spec.test_misc_spec" name="test_unknown_and_foreign_runs_have_the_same_404_envelope_and_lookup_class" time="0.073" /><testcase classname="caos.tests.spec.test_misc_spec" name="test_case_response_carries_the_pathway_fit_signal" time="0.072" /><testcase classname="caos.tests.spec.test_misc_spec" name="test_source_route_admission_refusals_reach_the_wire" time="0.134" /><testcase classname="caos.tests.spec.test_misc_spec" name="test_rv_quick_rows_refuse_non_finite_numbers" time="0.071" /><testcase classname="caos.tests.spec.test_misc_spec" name="test_rv_universe_round_trips_through_the_store" time="0.076" /><testcase classname="caos.tests.spec.test_misc_spec" name="test_visual_recipe_is_declarative_and_fails_closed" time="0.000" /><testcase classname="caos.tests.spec.test_misc_spec" name="test_confidence_discards_provider_scores_and_labels_declared_count_provenance" time="0.000" /><testcase classname="caos.tests.spec.test_misc_spec" name="test_final_model_output_rejects_duplicate_json_keys" time="0.000" /><testcase classname="caos.tests.spec.test_misc_spec" name="test_unauthenticated_requests_are_refused_before_request_shape_validation" time="0.079" /><testcase classname="caos.tests.spec.test_misc_spec" name="test_production_serves_no_framework_documentation_surface" time="0.266" /><testcase classname="caos.tests.spec.test_misc_spec" name="test_production_refuses_documented_placeholder_secrets" time="0.000" /><testcase classname="caos.tests.spec.test_misc_spec" name="test_global_reader_cannot_create_a_case" time="0.068" /><testcase classname="caos.tests.spec.test_misc_spec" name="test_per_subject_rate_ceiling_refuses_and_is_not_shared_between_subjects" time="0.081" /><testcase classname="caos.tests.spec.test_misc_spec" name="test_concurrent_stream_slots_are_capped_and_always_returned" time="0.002" /><testcase classname="caos.tests.spec.test_model_builder_spec" name="test_finite_guards_reject_non_finite_and_zero_denominators" time="0.000" /><testcase classname="caos.tests.spec.test_model_builder_spec" name="test_json_value_rejects_decimal_that_overflows_float" time="0.000" /><testcase classname="caos.tests.spec.test_model_builder_spec" name="test_finite_operand_guard_names_the_offending_operand[total_debt]" time="0.222" /><testcase classname="caos.tests.spec.test_model_builder_spec" name="test_finite_operand_guard_names_the_offending_operand[ffo]" time="0.000" /><testcase classname="caos.tests.spec.test_model_builder_spec" name="test_finite_operand_guard_names_the_offending_operand[adjusted_ebitda]" time="0.000" /><testcase classname="caos.tests.spec.test_model_builder_spec" name="test_finite_operand_guard_names_the_offending_operand[segment_growth]" time="0.000" /><testcase classname="caos.tests.spec.test_model_builder_spec" name="test_deploy_v_bundle_verifies_pinned_digests_and_rejects_symlink_paths" time="0.237" /><testcase classname="caos.tests.spec.test_model_builder_spec" name="test_cp_model_loader_rejects_runtime_changed_after_engine_bundle_pin" time="0.157" /><testcase classname="caos.tests.spec.test_model_builder_spec" name="test_golden_cp_model_fixtures_pass_vendor_validation" time="0.149" /><testcase classname="caos.tests.spec.test_model_builder_spec" name="test_assumption_registry_is_versioned_complete_and_explicit_about_gaps" time="0.075" /><testcase classname="caos.tests.spec.test_model_builder_spec" name="test_assumption_registry_reads_are_defensive_copies_with_stable_digest" time="0.148" /><testcase classname="caos.tests.spec.test_model_builder_spec" name="test_cp2g_docs_publish_one_registry_interface" time="0.001" /><testcase classname="caos.tests.spec.test_model_builder_spec" name="test_assumption_inputs_fail_closed_on_unit_nonfinite_and_bounds[| PERCENT_DECIMAL | operating.revenue_growth.division_1 |-| CURRENCY_MM | operating.revenue_growth.division_1 |-unit]" time="0.149" /><testcase classname="caos.tests.spec.test_model_builder_spec" name="test_assumption_inputs_fail_closed_on_unit_nonfinite_and_bounds[| 0.05 | PERCENT_DECIMAL | operating.revenue_growth.division_1 |-| NaN | PERCENT_DECIMAL | operating.revenue_growth.division_1 |-finite]" time="0.149" /><testcase classname="caos.tests.spec.test_model_builder_spec" name="test_assumption_inputs_fail_closed_on_unit_nonfinite_and_bounds[| 0.05 | PERCENT_DECIMAL | operating.revenue_growth.division_1 |-| 9 | PERCENT_DECIMAL | operating.revenue_growth.division_1 |-bounds]" time="0.148" /><testcase classname="caos.tests.spec.test_model_builder_spec" name="test_required_assumptions_reject_non_ready_statuses[operating.adjusted_ebitda_margin-NOT_APPLICABLE-]" time="0.148" /><testcase classname="caos.tests.spec.test_model_builder_spec" name="test_required_assumptions_reject_non_ready_statuses[capital.contractual_amortization-UNAVAILABLE-ASSUMPTION_AUTHORITY_UNAVAILABLE]" time="0.151" /><testcase classname="caos.tests.spec.test_model_builder_spec" name="test_segment_slot_discipline_is_enforced_at_validation_and_calculation" time="0.446" /><testcase classname="caos.tests.spec.test_model_builder_spec" name="test_unsegmented_issuers_forecast_from_consolidated_growth_only" time="0.376" /><testcase classname="caos.tests.spec.test_model_builder_spec" name="test_calculation_boundary_rejects_invalid_active_growth[segment_missing]" time="0.161" /><testcase classname="caos.tests.spec.test_model_builder_spec" name="test_calculation_boundary_rejects_invalid_active_growth[segment_not_ready]" time="0.158" /><testcase classname="caos.tests.spec.test_model_builder_spec" name="test_calculation_boundary_rejects_invalid_active_growth[segment_nan]" time="0.158" /><testcase classname="caos.tests.spec.test_model_builder_spec" name="test_calculation_boundary_rejects_invalid_active_growth[consolidated_missing]" time="0.150" /><testcase classname="caos.tests.spec.test_model_builder_spec" name="test_calculation_boundary_rejects_invalid_active_growth[consolidated_not_ready]" time="0.155" /><testcase classname="caos.tests.spec.test_model_builder_spec" name="test_calculation_boundary_rejects_invalid_active_growth[consolidated_infinity]" time="0.149" /><testcase classname="caos.tests.spec.test_model_builder_spec" name="test_allowed_unavailable_liquidity_degrades_to_named_nulls_not_zeros" time="0.879" /><testcase classname="caos.tests.spec.test_model_builder_spec" name="test_missing_required_forecast_driver_raises_typed_error" time="0.151" /><testcase classname="caos.tests.spec.test_model_builder_spec" name="test_effective_overlay_recalculates_decision_outputs_consistently" time="0.233" /><testcase classname="caos.tests.spec.test_model_builder_spec" name="test_zero_denominators_yield_none_metrics_and_nonfinite_cp1_fails_validation" time="1.069" /><testcase classname="caos.tests.spec.test_model_builder_spec" name="test_first_breach_identity_family_sign_and_committee_visibility" time="1.003" /><testcase classname="caos.tests.spec.test_model_builder_spec" name="test_forecast_addbacks_are_driver_sourced_and_history_invariant" time="0.155" /><testcase classname="caos.tests.spec.test_model_builder_spec" name="test_workbook_pins_registry_identity_and_cell_expectations_match_engine" time="1.701" /><testcase classname="caos.tests.spec.test_model_builder_spec" name="test_debt_schedule_reconciles_with_a_disclosed_unallocated_line" time="0.159" /><testcase classname="caos.tests.spec.test_model_builder_spec" name="test_worksheet_serialization_requires_no_external_binaries" time="0.936" /><testcase classname="caos.tests.spec.test_model_builder_spec" name="test_cp2b_projection_preserves_registers_and_pins_upstream_digest" time="0.128" /><testcase classname="caos.tests.spec.test_model_builder_spec" name="test_cp2b_projection_fails_closed_on_incomplete_or_malformed_registers[incomplete]" time="0.079" /><testcase classname="caos.tests.spec.test_model_builder_spec" name="test_cp2b_projection_fails_closed_on_incomplete_or_malformed_registers[malformed]" time="0.080" /><testcase classname="caos.tests.spec.test_model_builder_spec" name="test_cp2b_projection_never_escalates_restricted_qa" time="0.073" /><testcase classname="caos.tests.spec.test_model_builder_spec" name="test_cp2b_projection_rejects_hidden_t5_register_data" time="0.078" /><testcase classname="caos.tests.spec.test_model_builder_spec" name="test_cp2b_projection_rejects_t5_sources_outside_the_stable_source_register" time="0.078" /><testcase classname="caos.tests.spec.test_model_builder_spec" name="test_cp2b_projection_rejects_secondary_source_ids_hidden_in_locators[and]" time="0.081" /><testcase classname="caos.tests.spec.test_model_builder_spec" name="test_cp2b_projection_rejects_secondary_source_ids_hidden_in_locators[/]" time="0.078" /><testcase classname="caos.tests.spec.test_model_builder_spec" name="test_cp2b_projection_rejects_secondary_source_ids_hidden_in_locators[&amp;]" time="0.079" /><testcase classname="caos.tests.spec.test_model_builder_spec" name="test_cp2b_projection_rejects_secondary_source_ids_hidden_in_locators[+]" time="0.230" /><testcase classname="caos.tests.spec.test_model_builder_spec" name="test_cp2b_projection_rejects_secondary_source_ids_hidden_in_locators[(]" time="0.082" /><testcase classname="caos.tests.spec.test_model_builder_spec" name="test_cp_model_rejects_hidden_stable_tables" time="0.077" /><testcase classname="caos.tests.spec.test_model_builder_spec" name="test_cp_model_rejects_unpinned_secondary_source_references[cp1.md-| segment-q1 | FY2024_Q1 | SEGMENT_REVENUE | 100 | 100 | 0 | 0 | PASS | Segment equals reported revenue | SRC-1 |]" time="0.101" /><testcase classname="caos.tests.spec.test_model_builder_spec" name="test_cp_model_rejects_unpinned_secondary_source_references[cp1b.md-| revenue | FY2024_Q1 | 100 | 100 | 0 | 0 | PASS | Matched | SRC-1 |]" time="0.110" /><testcase classname="caos.tests.spec.test_model_builder_spec" name="test_accepted_full_credit_queues_and_builds_an_idempotent_content_addressed_model" time="2.923" /><testcase classname="caos.tests.spec.test_model_builder_spec" name="test_readiness_binds_to_the_latest_accepted_snapshot" time="2.270" /><testcase classname="caos.tests.spec.test_model_builder_spec" name="test_warmed_model_caches_cannot_outlive_withdrawn_source_authority" time="4.041" /><testcase classname="caos.tests.spec.test_model_builder_spec" name="test_full_credit_snapshot_requires_the_exact_plan_artifact_set" ti
[...]
ase classname="caos.tests.test_runtime_calculations" name="test_incomplete_calculation_may_be_retried_once_as_the_module_repair" time="1.167" /><testcase classname="caos.tests.test_runtime_calculations" name="test_incomplete_core_calculation_ends_the_run_as_a_model_failure_not_evidence_insufficiency" time="0.157" /><testcase classname="caos.tests.test_runtime_calculations" name="test_runtime_rejects_model_facing_tables_with_undelivered_source_ids" time="0.095" /><testcase classname="caos.tests.test_runtime_calculations" name="test_runtime_rejects_fixed_prose_without_model_facing_source_attribution" time="0.093" /><testcase classname="caos.tests.test_runtime_calculations" name="test_sparse_or_legally_incomplete_pack_returns_a_typed_refusal[fail-SOURCE_EVIDENCE_INSUFFICIENT]" time="0.092" /><testcase classname="caos.tests.test_runtime_calculations" name="test_sparse_or_legally_incomplete_pack_returns_a_typed_refusal[partial-SOURCE_EVIDENCE_RESTRICTED]" time="0.093" /><testcase classname="caos.tests.test_runtime_calculations" name="test_incomplete_tool_result_reports_whether_a_retry_is_still_available" time="0.904" /><testcase classname="caos.tests.test_runtime_calculations" name="test_provider_cannot_forge_a_host_limitation_flag" time="0.093" /><testcase classname="caos.tests.test_scan_floors" name="test_bandit_refuses_parse_errors_and_a_thin_scan" time="0.003" /><testcase classname="caos.tests.test_scan_floors" name="test_pip_audit_and_npm_audit_refuse_an_empty_dependency_set" time="0.003" /><testcase classname="caos.tests.test_scan_floors" name="test_gitleaks_refuses_a_scan_that_never_saw_a_history" time="0.003" /><testcase classname="caos.tests.test_scan_floors" name="test_trivy_and_sbom_are_bound_to_the_built_image" time="0.003" /><testcase classname="caos.tests.test_scan_floors" name="test_manifest_binds_reports_to_the_commit_and_images_and_refuses_empties" time="0.002" /><testcase classname="caos.tests.test_simulation_ledger" name="test_every_simulation_row_is_present_once_and_complete" time="0.001" /><testcase classname="caos.tests.test_simulation_ledger" name="test_every_referenced_simulation_test_exists" time="0.015" /><testcase classname="caos.tests.test_simulation_ledger" name="test_ledger_rows_that_fixed_a_defect_name_the_fix" time="0.000" /><testcase classname="caos.tests.test_single_instance" name="test_postgres_refuses_duplicate_roles_and_releases_locks_on_exit" time="0.003" /><testcase classname="caos.tests.test_single_instance" name="test_postgres_lock_session_loss_terminates_instead_of_running_unlocked" time="0.015" /><testcase classname="caos.tests.test_single_instance" name="test_postgres_thread_start_failure_refuses_startup_without_taking_lock" time="0.002" /><testcase classname="caos.tests.test_single_instance" name="test_lock_loss_termination_cannot_be_blocked_by_logging" time="0.000" /><testcase classname="caos.tests.test_single_instance" name="test_real_postgres_refuses_duplicate_role_and_releases_on_exit" time="0.058" /><testcase classname="caos.tests.test_single_instance" name="test_real_postgres_backend_loss_fails_closed" time="0.047" /><testcase classname="caos.tests.test_single_instance" name="test_sqlite_development_does_not_take_a_postgres_lock" time="0.019" /><testcase classname="caos.tests.test_single_instance" name="test_provider_assembly_is_inert_when_agent_execution_is_disabled" time="0.000" /><testcase classname="caos.tests.test_single_instance" name="test_disabled_production_still_rejects_unsafe_provider_configuration[settings_overrides0-AGENT_PROVIDER_UNQUALIFIED]" time="0.000" /><testcase classname="caos.tests.test_single_instance" name="test_disabled_production_still_rejects_unsafe_provider_configuration[settings_overrides1-AGENT_PROVIDER_UNQUALIFIED]" time="0.000" /><testcase classname="caos.tests.test_single_instance" name="test_disabled_production_still_rejects_unsafe_provider_configuration[settings_overrides2-AGENT_QUALIFICATION_MISSING]" time="0.000" /><testcase classname="caos.tests.test_single_instance" name="test_disabled_production_still_rejects_unsafe_provider_configuration[settings_overrides3-AGENT_QUALIFICATION_MISSING]" time="0.000" /><testcase classname="caos.tests.test_single_instance" name="test_enabled_provider_assembly_rejects_ambiguous_credentials" time="0.000" /><testcase classname="caos.tests.test_single_instance" name="test_production_enabled_provider_accepts_no_fallback[settings_overrides0-AGENT_PROVIDER_UNAVAILABLE]" time="0.000" /><testcase classname="caos.tests.test_single_instance" name="test_production_enabled_provider_accepts_no_fallback[settings_overrides1-AGENT_PROVIDER_UNQUALIFIED]" time="0.000" /><testcase classname="caos.tests.test_single_instance" name="test_production_enabled_provider_accepts_no_fallback[settings_overrides2-AGENT_PROVIDER_UNAVAILABLE]" time="0.000" /><testcase classname="caos.tests.test_single_instance" name="test_production_enabled_provider_accepts_no_fallback[settings_overrides3-AGENT_PROVIDER_UNAVAILABLE]" time="0.001" /><testcase classname="caos.tests.test_single_instance" name="test_production_enabled_provider_accepts_no_fallback[settings_overrides4-AGENT_PROVIDER_UNAVAILABLE]" time="0.000" /><testcase classname="caos.tests.test_single_instance" name="test_production_anthropic_requires_the_complete_qualification_pair[None-]" time="0.000" /><testcase classname="caos.tests.test_single_instance" name="test_production_anthropic_requires_the_complete_qualification_pair[path1-]" time="0.000" /><testcase classname="caos.tests.test_single_instance" name="test_production_anthropic_requires_the_complete_qualification_pair[None-aaaaaaaaaaaaaaaaaaaaaaaaaaaaaaaaaaaaaaaaaaaaaaaaaaaaaaaaaaaaaaaa]" time="0.000" /><testcase classname="caos.tests.test_single_instance" name="test_production_anthropic_rejects_unbound_or_expired_qualification[record_overrides0-AGENT_PROVIDER_UNQUALIFIED]" time="0.007" /><testcase classname="caos.tests.test_single_instance" name="test_production_anthropic_rejects_unbound_or_expired_qualification[record_overrides1-AGENT_QUALIFICATION_EXPIRED]" time="0.006" /><testcase classname="caos.tests.test_single_instance" name="test_production_builds_only_the_exact_qualified_anthropic_binding" time="0.017" /><testcase classname="caos.tests.test_single_instance" name="test_development_allows_one_explicit_unqualified_binding[settings_overrides0-anthropic]" time="0.010" /><testcase classname="caos.tests.test_single_instance" name="test_development_allows_one_explicit_unqualified_binding[settings_overrides1-openrouter]" time="0.006" /><testcase classname="caos.tests.test_single_instance" name="test_engine_rejects_unqualified_production_bindings_but_allows_qualified_anthropic" time="0.048" /><testcase classname="caos.tests.test_single_instance" name="test_host_control_test_capabilities_reject_a_real_development_provider" time="0.045" /><testcase classname="caos.tests.test_single_instance" name="test_shared_app_build_validates_before_files_or_owned_resources" time="0.001" /><testcase classname="caos.tests.test_single_instance" name="test_shared_app_build_refuses_an_active_event_loop_before_owning_resources" time="0.002" /><testcase classname="caos.tests.test_single_instance" name="test_dev_entrypoint_cannot_bypass_production_validation" time="0.001" /><testcase classname="caos.tests.test_single_instance" name="test_production_entrypoint_cannot_boot_development_defaults" time="0.001" /><testcase classname="caos.tests.test_single_instance" name="test_app_entrypoint_holds_the_app_lock_while_serving" time="0.001" /><testcase classname="caos.tests.test_single_instance" name="test_app_entrypoint_closes_unserved_resources_when_lock_acquisition_fails" time="0.002" /><testcase classname="caos.tests.test_single_instance" name="test_worker_entrypoint_holds_the_worker_lock_while_polling" time="0.002" /><testcase classname="caos.tests.test_single_instance" name="test_app_entrypoint_closes_owned_resources_in_reverse_order[False]" time="0.002" /><testcase classname="caos.tests.test_single_instance" name="test_app_entrypoint_closes_owned_resources_in_reverse_order[True]" time="0.002" /><testcase classname="caos.tests.test_single_instance" name="test_worker_entrypoint_closes_owned_resources_in_reverse_order[False]" time="0.001" /><testcase classname="caos.tests.test_single_instance" name="test_worker_entrypoint_closes_owned_resources_in_reverse_order[True]" time="0.002" /><testcase classname="caos.tests.test_single_instance" name="test_app_entrypoint_closes_store_when_provider_shutdown_fails" time="0.002" /><testcase classname="caos.tests.test_single_instance" name="test_app_entrypoint_preserves_service_failure_through_all_cleanup_failures" time="0.002" /><testcase classname="caos.tests.test_single_instance" name="test_app_entrypoint_preserves_engine_shutdown_failure" time="0.002" /><testcase classname="caos.tests.test_single_instance" name="test_worker_entrypoint_preserves_poll_failure_through_cleanup_failures" time="0.002" /><testcase classname="caos.tests.test_single_instance" name="test_app_build_rolls_back_owned_store_and_provider_on_construction_failure" time="0.002" /><testcase classname="caos.tests.test_single_instance" name="test_app_build_closes_owned_store_when_provider_qualification_fails" time="0.002" /><testcase classname="caos.tests.test_single_instance" name="test_worker_construction_failure_closes_its_owned_store" time="0.001" /><testcase classname="caos.tests.test_single_instance" name="test_checkpoint_lock_refuses_a_second_holder_and_releases_on_exit" time="0.002" /><testcase classname="caos.tests.test_single_instance" name="test_app_entrypoint_refuses_startup_while_another_process_holds_the_checkpoint_location" time="0.048" /><testcase classname="caos.tests.test_single_instance" name="test_a_second_dev_server_on_the_same_data_directory_fails_startup_and_never_serves" time="2.606" /><testcase classname="caos.tests.test_source_ingestion" name="test_zero_byte_source_is_rejected_before_source_set_creation" time="0.024" /><testcase classname="caos.tests.test_source_ingestion" name="test_evidence_free_text_csv_and_xlsx_are_rejected" time="0.026" /><testcase classname="caos.tests.test_source_ingestion" name="test_non_finite_json_values_are_rejected[{&quot;amount&quot;:NaN}]" time="0.025" /><testcase classname="caos.tests.test_source_ingestion" name="test_non_finite_json_values_are_rejected[{&quot;amount&quot;:Infinity}]" time="0.020" /><testcase classname="caos.tests.test_source_ingestion" name="test_non_finite_json_values_are_rejected[{&quot;amount&quot;:-Infinity}]" time="0.019" /><testcase classname="caos.tests.test_source_ingestion" name="test_non_finite_json_values_are_rejected[{&quot;amount&quot;:1e999}]" time="0.020" /><testcase classname="caos.tests.test_source_ingestion" name="test_non_finite_json_values_are_rejected[{&quot;amount&quot;:-1e999}]" time="0.021" /><testcase classname="caos.tests.test_source_ingestion" name="test_duplicate_json_keys_are_rejected[{&quot;a&quot;:1,&quot;a&quot;:2}]" time="0.020" /><testcase classname="caos.tests.test_source_ingestion" name="test_duplicate_json_keys_are_rejected[{&quot;outer&quot;:{&quot;a&quot;:1,&quot;a&quot;:2}}]" time="0.020" /><testcase classname="caos.tests.test_source_ingestion" name="test_evidence_free_json_values_are_rejected[{}]" time="0.020" /><testcase classname="caos.tests.test_source_ingestion" name="test_evidence_free_json_values_are_rejected[[]]" time="0.021" /><testcase classname="caos.tests.test_source_ingestion" name="test_evidence_free_json_values_are_rejected[&quot;&quot;]" time="0.021" /><testcase classname="caos.tests.test_source_ingestion" name="test_evidence_free_json_values_are_rejected[&quot;   &quot;]" time="0.019" /><testcase classname="caos.tests.test_source_ingestion" name="test_evidence_free_json_values_are_rejected[null]" time="0.021" /><testcase classname="caos.tests.test_source_ingestion" name="test_json_scalar_values_are_accepted" time="0.026" /><testcase classname="caos.tests.test_source_ingestion" name="test_non_utf8_text_sources_are_rejected[bad.txt]" time="0.020" /><testcase classname="caos.tests.test_source_ingestion" name="test_non_utf8_text_sources_are_rejected[bad.md]" time="0.020" /><testcase classname="caos.tests.test_source_ingestion" name="test_non_utf8_text_sources_are_rejected[bad.csv]" time="0.020" /><testcase classname="caos.tests.test_source_ingestion" name="test_invalid_pdf_is_rejected" time="0.020" /><testcase classname="caos.tests.test_source_ingestion" name="test_valid_no_text_pdf_is_accepted" time="0.027" /><testcase classname="caos.tests.test_source_ingestion" name="test_pathway_fit_never_reads_the_blocks_column" time="0.023" /><testcase classname="caos.tests.test_source_ingestion" name="test_non_empty_xlsx_is_accepted" time="0.026" /><testcase classname="caos.tests.test_source_ingestion" name="test_unsupported_type_is_rejected_415" time="0.020" /><testcase classname="caos.tests.test_source_ingestion" name="test_oversize_upload_is_rejected_413" time="0.018" /><testcase classname="caos.tests.test_source_ingestion" name="test_xlsx_extraction_caps_fail_closed" time="0.028" /><testcase classname="caos.tests.test_source_ingestion" name="test_over_wide_line_is_split_into_bounded_blocks_rather_than_refused" time="0.024" /><testcase classname="caos.tests.test_source_ingestion" name="test_large_document_keeps_block_count_inside_the_run_manifest_ceiling" time="0.291" /><testcase classname="caos.tests.test_source_ingestion" name="test_text_beyond_the_extraction_ceiling_is_still_refused" time="0.021" /><testcase classname="caos.tests.test_source_ingestion" name="test_eicar_content_is_rejected" time="0.022" /><testcase classname="caos.tests.test_source_ingestion" name="test_duplicate_active_content_rejected_and_withdrawal_reopens" time="0.031" /><testcase classname="caos.tests.test_source_ingestion" name="test_ingestion_rolls_back_atomically_when_persistence_fails" time="0.026" /><testcase classname="caos.tests.test_source_ingestion" name="test_public_source_reads_hide_storage_private_fields" time="0.023" /><testcase classname="caos.tests.test_source_ingestion" name="test_existing_source_vault_corruption_is_never_reused_or_read" time="0.024" /><testcase classname="caos.tests.test_store" name="test_governed_writes_commit_state_and_audit_together" time="0.022" /><testcase classname="caos.tests.test_store" name="test_source_set_id_pins_immutable_membership" time="0.024" /><testcase classname="caos.tests.test_store" name="test_note_promotion_is_idempotent_and_content_addressed" time="0.024" /><testcase classname="caos.tests.test_store" name="test_promotion_after_withdrawal_mints_new_identity_without_resurrection" time="0.026" /><testcase classname="caos.tests.test_store" name="test_promotion_rolls_back_atomically_on_downstream_failure" time="0.024" /><testcase classname="caos.tests.test_store" name="test_note_promotion_serializes_with_snapshot_and_publication_authority" time="0.088" /><testcase classname="caos.tests.test_store" name="test_withdrawal_stales_citing_assumptions_and_bans_new_citations" time="0.026" /><testcase classname="caos.tests.test_store" name="test_membership_and_roles_gate_access" time="0.022" /><testcase classname="caos.tests.test_store" name="test_store_close_is_idempotent_and_disposes_only_its_owned_engine" time="0.018" /><testcase classname="caos.tests.test_store" name="test_source_set_version_allocation_locks_the_case_row" time="0.023" /><testcase classname="caos.tests.test_store" name="test_a_fresh_store_creates_the_whole_schema_at_startup" time="0.017" /><testcase classname="caos.tests.test_user_upload_only" name="test_detector_catches_reviewer_variants" time="0.000" /><testcase classname="caos.tests.test_user_upload_only" name="test_deployed_cp1c_has_no_external_peer_acquisition_lane" time="0.014" /><testcase classname="caos.tests.test_user_upload_only" name="test_tracked_product_sources_prohibit_external_filing_acquisition" time="50.497" /><testcase classname="caos.tests.test_worker" name="test_single_pass_is_a_noop_on_an_empty_store" time="0.113" /><testcase classname="caos.tests.test_worker" name="test_single_pass_claims_a_queued_build_and_finalizes_failed_on_broken_refs" time="0.109" /><testcase classname="caos.tests.test_worker" name="test_a_lost_claim_never_computes_and_never_touches_the_winner" time="1.344" /><testcase classname="caos.tests.test_worker" name="test_a_repointed_build_never_publishes_the_abandoned_calculation" time="2.451" /><testcase classname="caos.tests.test_worker" name="test_a_crashing_pass_never_fails_a_row_that_was_repointed_under_it" time="1.328" /><testcase classname="caos.tests.test_worker" name="test_a_crashing_export_pass_never_clobbers_an_export_published_under_it" time="2.820" /><testcase classname="caos.tests.test_workflow_security" name="test_workflow_token_is_read_only[ci.yml]" time="0.012" /><testcase classname="caos.tests.test_workflow_security" name="test_workflow_token_is_read_only[enterprise-qualification.yml]" time="0.004" /><testcase classname="caos.tests.test_workflow_security" name="test_workflow_token_is_read_only[nightly.yml]" time="0.004" /><testcase classname="caos.tests.test_workflow_security" name="test_workflow_token_is_read_only[security-review.yml]" time="0.002" /><testcase classname="caos.tests.test_workflow_security" name="test_every_action_is_pinned_to_a_commit[ci.yml]" time="0.011" /><testcase classname="caos.tests.test_workflow_security" name="test_every_action_is_pinned_to_a_commit[enterprise-qualification.yml]" time="0.003" /><testcase classname="caos.tests.test_workflow_security" name="test_every_action_is_pinned_to_a_commit[nightly.yml]" time="0.004" /><testcase classname="caos.tests.test_workflow_security" name="test_every_action_is_pinned_to_a_commit[security-review.yml]" time="0.002" /><testcase classname="caos.tests.test_workflow_security" name="test_every_pulled_image_and_installer_is_pinned_by_digest[ci.yml]" time="0.014" /><testcase classname="caos.tests.test_workflow_security" name="test_every_pulled_image_and_installer_is_pinned_by_digest[enterprise-qualification.yml]" time="0.004" /><testcase classname="caos.tests.test_workflow_security" name="test_every_pulled_image_and_installer_is_pinned_by_digest[nightly.yml]" time="0.004" /><testcase classname="caos.tests.test_workflow_security" name="test_every_pulled_image_and_installer_is_pinned_by_digest[security-review.yml]" time="0.002" /><testcase classname="caos.tests.test_workflow_security" name="test_no_untrusted_event_text_reaches_a_shell_or_an_agent[ci.yml]" time="0.011" /><testcase classname="caos.tests.test_workflow_security" name="test_no_untrusted_event_text_reaches_a_shell_or_an_agent[enterprise-qualification.yml]" time="0.003" /><testcase classname="caos.tests.test_workflow_security" name="test_no_untrusted_event_text_reaches_a_shell_or_an_agent[nightly.yml]" time="0.004" /><testcase classname="caos.tests.test_workflow_security" name="test_no_untrusted_event_text_reaches_a_shell_or_an_agent[security-review.yml]" time="0.002" /><testcase classname="caos.tests.test_workflow_security" name="test_secrets_are_reachable_only_from_dispatch_only_protected_jobs[ci.yml]" time="0.000" /><testcase classname="caos.tests.test_workflow_security" name="test_secrets_are_reachable_only_from_dispatch_only_protected_jobs[enterprise-qualification.yml]" time="0.003" /><testcase classname="caos.tests.test_workflow_security" name="test_secrets_are_reachable_only_from_dispatch_only_protected_jobs[nightly.yml]" time="0.000" /><testcase classname="caos.tests.test_workflow_security" name="test_secrets_are_reachable_only_from_dispatch_only_protected_jobs[security-review.yml]" time="0.000" /><testcase classname="caos.tests.test_workflow_security" name="test_the_ai_review_action_is_gone_and_the_recorded_review_is_the_pr_check" time="0.000" /><testcase classname="caos.tests.test_workflow_security" name="test_the_security_job_installs_its_scanners_from_the_hashed_lock" time="0.003" /></testsuite></testsuites>