<?xml version="1.0" encoding="utf-8"?><testsuites name="pytest tests"><testsuite name="pytest" errors="0" failures="0" skipped="0" tests="35" time="325.379" timestamp="2026-09-04T00:28:09.019341+01:00" hostname="MacBookPro.mynet"><testcase classname="caos.tests.test_corpus_pathways" name="test_manifest_is_one_complete_user_upload_pack" time="0.001" /><testcase classname="caos.tests.test_corpus_pathways" name="test_fetcher_refuses_redirect_without_requesting_the_target" time="0.286" /><testcase classname="caos.tests.test_corpus_pathways" name="test_user_uploaded_document_is_admitted_with_blocks[CCL_2025_Q3_earnings_guidance.pdf]" time="0.677" /><testcase classname="caos.tests.test_corpus_pathways" name="test_user_uploaded_document_is_admitted_with_blocks[CCL_2024_Q1_earnings_guidance.pdf]" time="0.510" /><testcase classname="caos.tests.test_corpus_pathways" name="test_user_uploaded_document_is_admitted_with_blocks[CCL_2024_Q3_earnings_guidance.pdf]" time="0.490" /><testcase classname="caos.tests.test_corpus_pathways" name="test_user_uploaded_document_is_admitted_with_blocks[CCL_2025_Q2_earnings_guidance.pdf]" time="0.356" /><testcase classname="caos.tests.test_corpus_pathways" name="test_user_uploaded_document_is_admitted_with_blocks[CCL_2025_Q2_half_year_report.pdf]" time="0.589" /><testcase classname="caos.tests.test_corpus_pathways" name="test_user_uploaded_document_is_admitted_with_blocks[CCL_2025_Q4_earnings_guidance.pdf]" time="0.614" /><testcase classname="caos.tests.test_corpus_pathways" name="test_user_uploaded_document_is_admitted_with_blocks[CCL_2025_Q1_earnings_guidance.pdf]" time="0.318" /><testcase classname="caos.tests.test_corpus_pathways" name="test_user_uploaded_document_is_admitted_with_blocks[CCL_2023_Q1_business_update_guidance.pdf]" time="0.455" /><testcase classname="caos.tests.test_corpus_pathways" name="test_user_uploaded_document_is_admitted_with_blocks[CCL_2023_Q2_earnings_guidance.pdf]" time="0.366" /><testcase classname="caos.tests.test_corpus_pathways" name="test_user_uploaded_document_is_admitted_with_blocks[CCL_2023_annual_report.pdf]" time="0.775" /><testcase classname="caos.tests.test_corpus_pathways" name="test_user_uploaded_document_is_admitted_with_blocks[CCL_2024_Q1_10Q.pdf]" time="1.844" /><testcase classname="caos.tests.test_corpus_pathways" name="test_user_uploaded_document_is_admitted_with_blocks[CCL_2025_Q3_10Q.pdf]" time="0.655" /><testcase classname="caos.tests.test_corpus_pathways" name="test_user_uploaded_document_is_admitted_with_blocks[CCL_2024_Q2_earnings_guidance.pdf]" time="0.402" /><testcase classname="caos.tests.test_corpus_pathways" name="test_user_uploaded_document_is_admitted_with_blocks[CCL_2025_Q2_10Q.pdf]" time="0.794" /><testcase classname="caos.tests.test_corpus_pathways" name="test_user_uploaded_document_is_admitted_with_blocks[CCL_2023_Q1_10Q.pdf]" time="0.831" /><testcase classname="caos.tests.test_corpus_pathways" name="test_user_uploaded_document_is_admitted_with_blocks[CCL_2025_Q1_10Q.pdf]" time="0.617" /><testcase classname="caos.tests.test_corpus_pathways" name="test_user_uploaded_document_is_admitted_with_blocks[CCL_2023_Q3_10Q.pdf]" time="1.365" /><testcase classname="caos.tests.test_corpus_pathways" name="test_user_uploaded_document_is_admitted_with_blocks[CCL_2024_Q3_10Q.pdf]" time="0.850" /><testcase classname="caos.tests.test_corpus_pathways" name="test_user_uploaded_document_is_admitted_with_blocks[CCL_2024_Q4_earnings_guidance.pdf]" time="0.404" /><testcase classname="caos.tests.test_corpus_pathways" name="test_user_uploaded_document_is_admitted_with_blocks[CCL_2023_Q3_earnings_guidance.pdf]" time="0.574" /><testcase classname="caos.tests.test_corpus_pathways" name="test_user_uploaded_document_is_admitted_with_blocks[CCL_2025_annual_report.pdf]" time="1.377" /><testcase classname="caos.tests.test_corpus_pathways" name="test_user_uploaded_document_is_admitted_with_blocks[CCL_2023_Q2_10Q.pdf]" time="0.945" /><testcase classname="caos.tests.test_corpus_pathways" name="test_user_uploaded_document_is_admitted_with_blocks[CCL_2023_Q4_earnings_guidance.pdf]" time="0.590" /><testcase classname="caos.tests.test_corpus_pathways" name="test_user_uploaded_document_is_admitted_with_blocks[CCL_2024_annual_report.pdf]" time="1.513" /><testcase classname="caos.tests.test_corpus_pathways" name="test_user_uploaded_document_is_admitted_with_blocks[CCL_2024_form_10K.pdf]" time="3.283" /><testcase classname="caos.tests.test_corpus_pathways" name="test_user_uploaded_document_is_admitted_with_blocks[CCL_2023_form_10K.pdf]" time="4.428" /><testcase classname="caos.tests.test_corpus_pathways" name="test_user_uploaded_document_is_admitted_with_blocks[CCL_2025_form_10K.pdf]" time="1.940" /><testcase classname="caos.tests.test_corpus_pathways" name="test_user_uploaded_document_is_admitted_with_blocks[CCL_2024_Q2_10Q_term_loan_agreements.pdf]" time="26.177" /><testcase classname="caos.tests.test_corpus_pathways" name="test_user_uploaded_document_is_admitted_with_blocks[CCL_2023_investor_day_forecast.pdf]" time="0.579" /><testcase classname="caos.tests.test_corpus_pathways" name="test_user_uploaded_document_is_admitted_with_blocks[CCL_2025_Q4_earnings_presentation_forecast.pdf]" time="0.839" /><testcase classname="caos.tests.test_corpus_pathways" name="test_supported_routes_complete_host_path_on_30_document_upload" time="108.562" /><testcase classname="caos.tests.test_corpus_pathways" name="test_unavailable_routes_refuse_without_pinning_30_document_case" time="54.045" /><testcase classname="caos.tests.test_corpus_pathways" name="test_qualification_harness_scores_the_carnival_pack_under_host_control" time="107.248" /></testsuite></testsuites>