<?xml version="1.0" encoding="utf-8"?><testsuites name="pytest tests"><testsuite name="pytest" errors="0" failures="0" skipped="0" tests="35" time="329.592" timestamp="2026-09-03T20:58:02.536529+01:00" hostname="MacBookPro.mynet"><testcase classname="caos.tests.test_corpus_pathways" name="test_manifest_is_one_complete_user_upload_pack" time="0.001" /><testcase classname="caos.tests.test_corpus_pathways" name="test_fetcher_refuses_redirect_without_requesting_the_target" time="0.281" /><testcase classname="caos.tests.test_corpus_pathways" name="test_user_uploaded_document_is_admitted_with_blocks[CCL_2025_Q3_earnings_guidance.pdf]" time="0.718" /><testcase classname="caos.tests.test_corpus_pathways" name="test_user_uploaded_document_is_admitted_with_blocks[CCL_2024_Q1_earnings_guidance.pdf]" time="0.510" /><testcase classname="caos.tests.test_corpus_pathways" name="test_user_uploaded_document_is_admitted_with_blocks[CCL_2024_Q3_earnings_guidance.pdf]" time="0.480" /><testcase classname="caos.tests.test_corpus_pathways" name="test_user_uploaded_document_is_admitted_with_blocks[CCL_2025_Q2_earnings_guidance.pdf]" time="0.365" /><testcase classname="caos.tests.test_corpus_pathways" name="test_user_uploaded_document_is_admitted_with_blocks[CCL_2025_Q2_half_year_report.pdf]" time="0.585" /><testcase classname="caos.tests.test_corpus_pathways" name="test_user_uploaded_document_is_admitted_with_blocks[CCL_2025_Q4_earnings_guidance.pdf]" time="0.622" /><testcase classname="caos.tests.test_corpus_pathways" name="test_user_uploaded_document_is_admitted_with_blocks[CCL_2025_Q1_earnings_guidance.pdf]" time="0.326" /><testcase classname="caos.tests.test_corpus_pathways" name="test_user_uploaded_document_is_admitted_with_blocks[CCL_2023_Q1_business_update_guidance.pdf]" time="0.460" /><testcase classname="caos.tests.test_corpus_pathways" name="test_user_uploaded_document_is_admitted_with_blocks[CCL_2023_Q2_earnings_guidance.pdf]" time="0.394" /><testcase classname="caos.tests.test_corpus_pathways" name="test_user_uploaded_document_is_admitted_with_blocks[CCL_2023_annual_report.pdf]" time="0.824" /><testcase classname="caos.tests.test_corpus_pathways" name="test_user_uploaded_document_is_admitted_with_blocks[CCL_2024_Q1_10Q.pdf]" time="1.862" /><testcase classname="caos.tests.test_corpus_pathways" name="test_user_uploaded_document_is_admitted_with_blocks[CCL_2025_Q3_10Q.pdf]" time="0.659" /><testcase classname="caos.tests.test_corpus_pathways" name="test_user_uploaded_document_is_admitted_with_blocks[CCL_2024_Q2_earnings_guidance.pdf]" time="0.409" /><testcase classname="caos.tests.test_corpus_pathways" name="test_user_uploaded_document_is_admitted_with_blocks[CCL_2025_Q2_10Q.pdf]" time="0.749" /><testcase classname="caos.tests.test_corpus_pathways" name="test_user_uploaded_document_is_admitted_with_blocks[CCL_2023_Q1_10Q.pdf]" time="0.805" /><testcase classname="caos.tests.test_corpus_pathways" name="test_user_uploaded_document_is_admitted_with_blocks[CCL_2025_Q1_10Q.pdf]" time="0.645" /><testcase classname="caos.tests.test_corpus_pathways" name="test_user_uploaded_document_is_admitted_with_blocks[CCL_2023_Q3_10Q.pdf]" time="1.347" /><testcase classname="caos.tests.test_corpus_pathways" name="test_user_uploaded_document_is_admitted_with_blocks[CCL_2024_Q3_10Q.pdf]" time="0.840" /><testcase classname="caos.tests.test_corpus_pathways" name="test_user_uploaded_document_is_admitted_with_blocks[CCL_2024_Q4_earnings_guidance.pdf]" time="0.399" /><testcase classname="caos.tests.test_corpus_pathways" name="test_user_uploaded_document_is_admitted_with_blocks[CCL_2023_Q3_earnings_guidance.pdf]" time="0.581" /><testcase classname="caos.tests.test_corpus_pathways" name="test_user_uploaded_document_is_admitted_with_blocks[CCL_2025_annual_report.pdf]" time="1.367" /><testcase classname="caos.tests.test_corpus_pathways" name="test_user_uploaded_document_is_admitted_with_blocks[CCL_2023_Q2_10Q.pdf]" time="0.930" /><testcase classname="caos.tests.test_corpus_pathways" name="test_user_uploaded_document_is_admitted_with_blocks[CCL_2023_Q4_earnings_guidance.pdf]" time="0.583" /><testcase classname="caos.tests.test_corpus_pathways" name="test_user_uploaded_document_is_admitted_with_blocks[CCL_2024_annual_report.pdf]" time="1.493" /><testcase classname="caos.tests.test_corpus_pathways" name="test_user_uploaded_document_is_admitted_with_blocks[CCL_2024_form_10K.pdf]" time="3.234" /><testcase classname="caos.tests.test_corpus_pathways" name="test_user_uploaded_document_is_admitted_with_blocks[CCL_2023_form_10K.pdf]" time="4.374" /><testcase classname="caos.tests.test_corpus_pathways" name="test_user_uploaded_document_is_admitted_with_blocks[CCL_2025_form_10K.pdf]" time="1.965" /><testcase classname="caos.tests.test_corpus_pathways" name="test_user_uploaded_document_is_admitted_with_blocks[CCL_2024_Q2_10Q_term_loan_agreements.pdf]" time="26.452" /><testcase classname="caos.tests.test_corpus_pathways" name="test_user_uploaded_document_is_admitted_with_blocks[CCL_2023_investor_day_forecast.pdf]" time="0.574" /><testcase classname="caos.tests.test_corpus_pathways" name="test_user_uploaded_document_is_admitted_with_blocks[CCL_2025_Q4_earnings_presentation_forecast.pdf]" time="0.843" /><testcase classname="caos.tests.test_corpus_pathways" name="test_supported_routes_complete_host_path_on_30_document_upload" time="109.107" /><testcase classname="caos.tests.test_corpus_pathways" name="test_unavailable_routes_refuse_without_pinning_30_document_case" time="54.042" /><testcase classname="caos.tests.test_corpus_pathways" name="test_qualification_harness_scores_the_carnival_pack_under_host_control" time="110.681" /></testsuite></testsuites>